#
# There is insufficient memory for the Java Runtime Environment to continue.
# Native memory allocation (mmap) failed to map 12582912 bytes for G1 virtual space
# Possible reasons:
#   The system is out of physical RAM or swap space
#   The process is running with CompressedOops enabled, and the Java Heap may be blocking the growth of the native heap
# Possible solutions:
#   Reduce memory load on the system
#   Increase physical memory or swap space
#   Check if swap backing store is full
#   Decrease Java heap size (-Xmx/-Xms)
#   Decrease number of Java threads
#   Decrease Java thread stack sizes (-Xss)
#   Set larger code cache with -XX:ReservedCodeCacheSize=
#   JVM is running with Unscaled Compressed Oops mode in which the Java heap is
#     placed in the first 4GB address space. The Java Heap base address is the
#     maximum limit for the native heap growth. Please use -XX:HeapBaseMinAddress
#     to set the Java Heap base and to place the Java Heap above 4GB virtual address.
# This output file may be truncated or incomplete.
#
#  Out of Memory Error (./open/src/hotspot/os/windows/os_windows.cpp:3321), pid=2512, tid=12848
#
# JRE version: OpenJDK Runtime Environment (15.0.2+7) (build 15.0.2+7-27)
# Java VM: OpenJDK 64-Bit Server VM (15.0.2+7-27, mixed mode, tiered, compressed oops, g1 gc, windows-amd64)
# No core dump will be written. Minidumps are not enabled by default on client versions of Windows
#

---------------  S U M M A R Y ------------

Command Line: -Dfile.encoding=UTF-8 -XX:+ShowCodeDetailsInExceptionMessages co.com.i4digital.demo.DemoApplication

Host: Intel(R) Core(TM) i5-8300H CPU @ 2.30GHz, 8 cores, 7G,  Windows 10 , 64 bit Build 19041 (10.0.19041.928)
Time: Sat Apr 24 12:14:23 2021 Hora de verano central (México) elapsed time: 3.373516 seconds (0d 0h 0m 3s)

---------------  T H R E A D  ---------------

Current thread (0x000001e7ffa4c780):  VMThread "VM Thread" [stack: 0x000000616d800000,0x000000616d900000] [id=12848]

Stack: [0x000000616d800000,0x000000616d900000]
[error occurred during error reporting (printing stack bounds), id 0xc0000005, EXCEPTION_ACCESS_VIOLATION (0xc0000005) at pc=0x000001e7800010ad]

Native frames: (J=compiled Java code, j=interpreted, Vv=VM code, C=native code)
V  [jvm.dll+0x62ae9a]
V  [jvm.dll+0x7817a9]
V  [jvm.dll+0x782f03]
V  [jvm.dll+0x7834c5]
V  [jvm.dll+0x78347b]
V  [jvm.dll+0x62a2b9]
V  [jvm.dll+0x62aa88]
C  [ntdll.dll+0xa207f]
C  [ntdll.dll+0x51454]
C  [ntdll.dll+0xa0bae]
C  0x000001e7800010ad

VM_Operation (0x000000616d2fbec0): G1CollectForAllocation, mode: safepoint, requested by thread 0x000001e7f87749c0


---------------  P R O C E S S  ---------------

Threads class SMR info:
_java_thread_list=0x000001e796845810, length=18, elements={
0x000001e7f87749c0, 0x000001e7ffaa0020, 0x000001e7ffaa0b00, 0x000001e7ffa88cd0,
0x000001e7ffa89690, 0x000001e7ffa8a050, 0x000001e7ffacf330, 0x000001e7ffacfc30,
0x000001e7ffabf020, 0x000001e7ffc2c570, 0x000001e7ffc44010, 0x000001e7ffdb1890,
0x000001e793c21830, 0x000001e796c1b360, 0x000001e796c1ae90, 0x000001e796c1a4f0,
0x000001e796c1b830, 0x000001e796c1cb70
}

Java Threads: ( => current thread )
  0x000001e7f87749c0 JavaThread "main" [_thread_blocked, id=13112, stack(0x000000616d200000,0x000000616d300000)]
  0x000001e7ffaa0020 JavaThread "Reference Handler" daemon [_thread_blocked, id=1244, stack(0x000000616d900000,0x000000616da00000)]
  0x000001e7ffaa0b00 JavaThread "Finalizer" daemon [_thread_blocked, id=5168, stack(0x000000616da00000,0x000000616db00000)]
  0x000001e7ffa88cd0 JavaThread "Signal Dispatcher" daemon [_thread_blocked, id=11936, stack(0x000000616db00000,0x000000616dc00000)]
  0x000001e7ffa89690 JavaThread "Attach Listener" daemon [_thread_blocked, id=9072, stack(0x000000616dc00000,0x000000616dd00000)]
  0x000001e7ffa8a050 JavaThread "Service Thread" daemon [_thread_blocked, id=13032, stack(0x000000616dd00000,0x000000616de00000)]
  0x000001e7ffacf330 JavaThread "C2 CompilerThread0" daemon [_thread_blocked, id=1476, stack(0x000000616de00000,0x000000616df00000)]
  0x000001e7ffacfc30 JavaThread "C1 CompilerThread0" daemon [_thread_blocked, id=9544, stack(0x000000616df00000,0x000000616e000000)]
  0x000001e7ffabf020 JavaThread "Sweeper thread" daemon [_thread_blocked, id=10352, stack(0x000000616e000000,0x000000616e100000)]
  0x000001e7ffc2c570 JavaThread "Notification Thread" daemon [_thread_blocked, id=12688, stack(0x000000616e100000,0x000000616e200000)]
  0x000001e7ffc44010 JavaThread "Common-Cleaner" daemon [_thread_blocked, id=3004, stack(0x000000616e300000,0x000000616e400000)]
  0x000001e7ffdb1890 JavaThread "C2 CompilerThread1" daemon [_thread_blocked, id=1664, stack(0x000000616e400000,0x000000616e500000)]
  0x000001e793c21830 JavaThread "C2 CompilerThread2" daemon [_thread_blocked, id=6828, stack(0x000000616e500000,0x000000616e600000)]
  0x000001e796c1b360 JavaThread "Catalina-utility-1" [_thread_blocked, id=8212, stack(0x000000616e600000,0x000000616e700000)]
  0x000001e796c1ae90 JavaThread "Catalina-utility-2" [_thread_blocked, id=13028, stack(0x000000616eb00000,0x000000616ec00000)]
  0x000001e796c1a4f0 JavaThread "container-0" [_thread_blocked, id=3720, stack(0x000000616ee00000,0x000000616ef00000)]
  0x000001e796c1b830 JavaThread "HikariPool-1 housekeeper" daemon [_thread_blocked, id=8228, stack(0x000000616ef00000,0x000000616f000000)]
  0x000001e796c1cb70 JavaThread "HikariPool-1 connection adder" daemon [_thread_blocked, id=1968, stack(0x000000616f200000,0x000000616f300000)]

Other Threads:
=>0x000001e7ffa4c780 VMThread "VM Thread" [stack: 0x000000616d800000,0x000000616d900000] [id=12848]
  0x000001e7ffc2ea50 WatcherThread [stack: 0x000000616e200000,0x000000616e300000] [id=12576]
  0x000001e7f87b5d10 GCTaskThread "GC Thread#0" [stack: 0x000000616d300000,0x000000616d400000] [id=2780]
  0x000001e7ffc7a390 GCTaskThread "GC Thread#1" [stack: 0x000000616e700000,0x000000616e800000] [id=7388]
  0x000001e7ffc7ad20 GCTaskThread "GC Thread#2" [stack: 0x000000616e800000,0x000000616e900000] [id=3712]
  0x000001e7ffc7a6c0 GCTaskThread "GC Thread#3" [stack: 0x000000616e900000,0x000000616ea00000] [id=3584]
  0x000001e7ffc7a060 GCTaskThread "GC Thread#4" [stack: 0x000000616ec00000,0x000000616ed00000] [id=10020]
  0x000001e7ffc7b9e0 GCTaskThread "GC Thread#5" [stack: 0x000000616ed00000,0x000000616ee00000] [id=3520]
  0x000001e7ffc7c9d0 GCTaskThread "GC Thread#6" [stack: 0x000000616f000000,0x000000616f100000] [id=1376]
  0x000001e7ffc79070 GCTaskThread "GC Thread#7" [stack: 0x000000616f100000,0x000000616f200000] [id=1848]
  0x000001e7f87c9e40 ConcurrentGCThread "G1 Main Marker" [stack: 0x000000616d400000,0x000000616d500000] [id=1028]
  0x000001e7f87ca700 ConcurrentGCThread "G1 Conc#0" [stack: 0x000000616d500000,0x000000616d600000] [id=3780]
  0x000001e7ffc7b050 ConcurrentGCThread "G1 Conc#1" [stack: 0x000000616ea00000,0x000000616eb00000] [id=2940]
  0x000001e7f883dfc0 ConcurrentGCThread "G1 Refine#0" [stack: 0x000000616d600000,0x000000616d700000] [id=10064]
  0x000001e7f883e810 ConcurrentGCThread "G1 Young RemSet Sampling" [stack: 0x000000616d700000,0x000000616d800000] [id=2928]

Threads with active compile tasks:
C2 CompilerThread0     3385 4093   !   4       jdk.internal.loader.BuiltinClassLoader::findClassOnClassPathOrNull (64 bytes)
C2 CompilerThread1     3385 4198       4       jdk.internal.loader.BuiltinClassLoader::defineClass (121 bytes)
C2 CompilerThread2     3385 4233   !   4       jdk.internal.loader.URLClassPath$JarLoader::getResource (65 bytes)

VM state: at safepoint (normal execution)

VM Mutex/Monitor currently owned by a thread:  ([mutex/lock_event])
[0x000001e7f8771770] Threads_lock - owner thread: 0x000001e7ffa4c780
[0x000001e7f8770cc0] Heap_lock - owner thread: 0x000001e7f87749c0

Heap address: 0x0000000082e00000, size: 2002 MB, Compressed Oops mode: 32-bit
CDS disabled.
Compressed class space mapped at: 0x0000000100000000-0x0000000140000000, size: 1073741824
Narrow klass base: 0x0000000000000000, Narrow klass shift: 3, Narrow klass range: 0x140000000

GC Precious Log:
 CPUs: 8 total, 8 available
 Memory: 8000M
 Large Page Support: Disabled
 NUMA Support: Disabled
 Compressed Oops: Enabled (32-bit)
 Heap Region Size: 1M
 Heap Min Capacity: 8M
 Heap Initial Capacity: 126M
 Heap Max Capacity: 2002M
 Pre-touch: Disabled
 Parallel Workers: 8
 Concurrent Workers: 2
 Concurrent Refinement Workers: 8
 Periodic GC: Disabled

Heap:
 garbage-first heap   total 70656K, used 21771K [0x0000000082e00000, 0x0000000100000000)
  region size 1024K, 3 young (3072K), 3 survivors (3072K)
 Metaspace       used 57191K, capacity 57596K, committed 57776K, reserved 1099776K
  class space    used 6955K, capacity 7091K, committed 7168K, reserved 1048576K

Heap Regions: E=young(eden), S=young(survivor), O=old, HS=humongous(starts), HC=humongous(continues), CS=collection set, F=free, OA=open archive, CA=closed archive, TAMS=top-at-mark-start (previous, next)
|   0|0x0000000082e00000, 0x0000000082f00000, 0x0000000082f00000|100%|HS|  |TAMS 0x0000000082f00000, 0x0000000082e00000| Complete 
|   1|0x0000000082f00000, 0x0000000083000000, 0x0000000083000000|100%| O|  |TAMS 0x0000000083000000, 0x0000000082f00000| Untracked 
|   2|0x0000000083000000, 0x0000000083100000, 0x0000000083100000|100%| O|  |TAMS 0x0000000083100000, 0x0000000083000000| Untracked 
|   3|0x0000000083100000, 0x0000000083200000, 0x0000000083200000|100%| O|  |TAMS 0x0000000083200000, 0x0000000083100000| Untracked 
|   4|0x0000000083200000, 0x0000000083300000, 0x0000000083300000|100%| O|  |TAMS 0x0000000083300000, 0x0000000083200000| Untracked 
|   5|0x0000000083300000, 0x0000000083400000, 0x0000000083400000|100%| O|  |TAMS 0x0000000083400000, 0x0000000083300000| Untracked 
|   6|0x0000000083400000, 0x00000000834c5e00, 0x0000000083500000| 77%| O|  |TAMS 0x00000000834c5e00, 0x0000000083400000| Untracked 
|   7|0x0000000083500000, 0x0000000083600000, 0x0000000083600000|100%| O|  |TAMS 0x0000000083600000, 0x0000000083500000| Untracked 
|   8|0x0000000083600000, 0x0000000083700000, 0x0000000083700000|100%| O|  |TAMS 0x0000000083700000, 0x0000000083600000| Untracked 
|   9|0x0000000083700000, 0x0000000083800000, 0x0000000083800000|100%| O|  |TAMS 0x0000000083800000, 0x0000000083700000| Untracked 
|  10|0x0000000083800000, 0x0000000083900000, 0x0000000083900000|100%| O|  |TAMS 0x0000000083900000, 0x0000000083800000| Untracked 
|  11|0x0000000083900000, 0x0000000083a00000, 0x0000000083a00000|100%| O|  |TAMS 0x0000000083a00000, 0x0000000083900000| Untracked 
|  12|0x0000000083a00000, 0x0000000083b00000, 0x0000000083b00000|100%| O|  |TAMS 0x0000000083b00000, 0x0000000083a00000| Untracked 
|  13|0x0000000083b00000, 0x0000000083c00000, 0x0000000083c00000|100%| O|  |TAMS 0x0000000083b00000, 0x0000000083b00000| Untracked 
|  14|0x0000000083c00000, 0x0000000083d00000, 0x0000000083d00000|100%| O|  |TAMS 0x0000000083c00000, 0x0000000083c00000| Untracked 
|  15|0x0000000083d00000, 0x0000000083e00000, 0x0000000083e00000|100%| O|  |TAMS 0x0000000083d00000, 0x0000000083d00000| Untracked 
|  16|0x0000000083e00000, 0x0000000083f00000, 0x0000000083f00000|100%| O|  |TAMS 0x0000000083e00000, 0x0000000083e00000| Untracked 
|  17|0x0000000083f00000, 0x0000000084000000, 0x0000000084000000|100%| O|  |TAMS 0x0000000083f00000, 0x0000000083f00000| Untracked 
|  18|0x0000000084000000, 0x00000000840ae200, 0x0000000084100000| 68%| O|  |TAMS 0x0000000084000000, 0x0000000084000000| Untracked 
|  19|0x0000000084100000, 0x0000000084100000, 0x0000000084200000|  0%| F|  |TAMS 0x0000000084100000, 0x0000000084100000| Untracked 
|  20|0x0000000084200000, 0x0000000084200000, 0x0000000084300000|  0%| F|  |TAMS 0x0000000084200000, 0x0000000084200000| Untracked 
|  21|0x0000000084300000, 0x0000000084300000, 0x0000000084400000|  0%| F|  |TAMS 0x0000000084300000, 0x0000000084300000| Untracked 
|  22|0x0000000084400000, 0x0000000084400000, 0x0000000084500000|  0%| F|  |TAMS 0x0000000084400000, 0x0000000084400000| Untracked 
|  23|0x0000000084500000, 0x0000000084500000, 0x0000000084600000|  0%| F|  |TAMS 0x0000000084500000, 0x0000000084500000| Untracked 
|  24|0x0000000084600000, 0x0000000084600000, 0x0000000084700000|  0%| F|  |TAMS 0x0000000084600000, 0x0000000084600000| Untracked 
|  25|0x0000000084700000, 0x0000000084700000, 0x0000000084800000|  0%| F|  |TAMS 0x0000000084700000, 0x0000000084700000| Untracked 
|  26|0x0000000084800000, 0x00000000848cefc0, 0x0000000084900000| 80%| S|CS|TAMS 0x0000000084800000, 0x0000000084800000| Complete 
|  27|0x0000000084900000, 0x0000000084900000, 0x0000000084a00000|  0%| F|  |TAMS 0x0000000084900000, 0x0000000084900000| Untracked 
|  28|0x0000000084a00000, 0x0000000084a00000, 0x0000000084b00000|  0%| F|  |TAMS 0x0000000084a00000, 0x0000000084a00000| Untracked 
|  29|0x0000000084b00000, 0x0000000084b00000, 0x0000000084c00000|  0%| F|  |TAMS 0x0000000084b00000, 0x0000000084b00000| Untracked 
|  30|0x0000000084c00000, 0x0000000084d00000, 0x0000000084d00000|100%| S|CS|TAMS 0x0000000084c00000, 0x0000000084c00000| Complete 
|  31|0x0000000084d00000, 0x0000000084e00000, 0x0000000084e00000|100%| S|CS|TAMS 0x0000000084d00000, 0x0000000084d00000| Complete 
|  32|0x0000000084e00000, 0x0000000084e00000, 0x0000000084f00000|  0%| F|  |TAMS 0x0000000084e00000, 0x0000000084e00000| Untracked 
|  33|0x0000000084f00000, 0x0000000084f00000, 0x0000000085000000|  0%| F|  |TAMS 0x0000000084f00000, 0x0000000084f00000| Untracked 
|  34|0x0000000085000000, 0x0000000085000000, 0x0000000085100000|  0%| F|  |TAMS 0x0000000085000000, 0x0000000085000000| Untracked 
|  35|0x0000000085100000, 0x0000000085100000, 0x0000000085200000|  0%| F|  |TAMS 0x0000000085100000, 0x0000000085100000| Untracked 
|  36|0x0000000085200000, 0x0000000085200000, 0x0000000085300000|  0%| F|  |TAMS 0x0000000085200000, 0x0000000085200000| Untracked 
|  37|0x0000000085300000, 0x0000000085300000, 0x0000000085400000|  0%| F|  |TAMS 0x0000000085300000, 0x0000000085300000| Untracked 
|  38|0x0000000085400000, 0x0000000085400000, 0x0000000085500000|  0%| F|  |TAMS 0x0000000085400000, 0x0000000085400000| Untracked 
|  39|0x0000000085500000, 0x0000000085500000, 0x0000000085600000|  0%| F|  |TAMS 0x0000000085500000, 0x0000000085500000| Untracked 
|  40|0x0000000085600000, 0x0000000085600000, 0x0000000085700000|  0%| F|  |TAMS 0x0000000085600000, 0x0000000085600000| Untracked 
|  41|0x0000000085700000, 0x0000000085700000, 0x0000000085800000|  0%| F|  |TAMS 0x0000000085700000, 0x0000000085700000| Untracked 
|  42|0x0000000085800000, 0x0000000085800000, 0x0000000085900000|  0%| F|  |TAMS 0x0000000085800000, 0x0000000085800000| Untracked 
|  43|0x0000000085900000, 0x0000000085900000, 0x0000000085a00000|  0%| F|  |TAMS 0x0000000085900000, 0x0000000085900000| Untracked 
|  44|0x0000000085a00000, 0x0000000085a00000, 0x0000000085b00000|  0%| F|  |TAMS 0x0000000085a00000, 0x0000000085a00000| Untracked 
|  45|0x0000000085b00000, 0x0000000085b00000, 0x0000000085c00000|  0%| F|  |TAMS 0x0000000085b00000, 0x0000000085b00000| Untracked 
|  46|0x0000000085c00000, 0x0000000085c00000, 0x0000000085d00000|  0%| F|  |TAMS 0x0000000085c00000, 0x0000000085c00000| Untracked 
|  47|0x0000000085d00000, 0x0000000085d00000, 0x0000000085e00000|  0%| F|  |TAMS 0x0000000085d00000, 0x0000000085d00000| Untracked 
|  48|0x0000000085e00000, 0x0000000085e00000, 0x0000000085f00000|  0%| F|  |TAMS 0x0000000085e00000, 0x0000000085e00000| Untracked 
|  49|0x0000000085f00000, 0x0000000085f00000, 0x0000000086000000|  0%| F|  |TAMS 0x0000000085f00000, 0x0000000085f00000| Untracked 
|  50|0x0000000086000000, 0x0000000086000000, 0x0000000086100000|  0%| F|  |TAMS 0x0000000086000000, 0x0000000086000000| Untracked 
|  51|0x0000000086100000, 0x0000000086100000, 0x0000000086200000|  0%| F|  |TAMS 0x0000000086100000, 0x0000000086100000| Untracked 
|  52|0x0000000086200000, 0x0000000086200000, 0x0000000086300000|  0%| F|  |TAMS 0x0000000086200000, 0x0000000086200000| Untracked 
|  53|0x0000000086300000, 0x0000000086300000, 0x0000000086400000|  0%| F|  |TAMS 0x0000000086300000, 0x0000000086300000| Untracked 
|  98|0x0000000089000000, 0x0000000089000000, 0x0000000089100000|  0%| F|  |TAMS 0x0000000089000000, 0x0000000089000000| Untracked 
|  99|0x0000000089100000, 0x0000000089100000, 0x0000000089200000|  0%| F|  |TAMS 0x0000000089100000, 0x0000000089100000| Untracked 
| 125|0x000000008ab00000, 0x000000008ab00000, 0x000000008ac00000|  0%| F|  |TAMS 0x000000008ab00000, 0x000000008ab00000| Untracked 

Card table byte_map: [0x000001e7fc8a0000,0x000001e7fcc90000] _byte_map_base: 0x000001e7fc489000

Marking Bits (Prev, Next): (CMBitMap*) 0x000001e7f87b9200, (CMBitMap*) 0x000001e7f87b9240
 Prev Bits: [0x000001e7fd080000, 0x000001e7fefc8000)
 Next Bits: [0x000001e78f000000, 0x000001e790f48000)

Polling page: 0x000001e7f7f40000

Metaspace:

Usage:
  Non-class:     49.32 MB capacity,    49.06 MB (>99%) used,   198.98 KB ( <1%) free+waste,    69.94 KB ( <1%) overhead. 
      Class:      6.92 MB capacity,     6.79 MB ( 98%) used,   110.05 KB (  2%) free+waste,    25.19 KB ( <1%) overhead. 
       Both:     56.25 MB capacity,    55.85 MB (>99%) used,   309.02 KB ( <1%) free+waste,    95.12 KB ( <1%) overhead. 

Virtual space:
  Non-class space:       50.00 MB reserved,      49.42 MB ( 99%) committed 
      Class space:        1.00 GB reserved,       7.00 MB ( <1%) committed 
             Both:        1.05 GB reserved,      56.42 MB (  5%) committed 

Chunk freelists:
   Non-Class:  39.00 KB
       Class:  13.00 KB
        Both:  52.00 KB

MaxMetaspaceSize: 17179869184.00 GB
CompressedClassSpaceSize: 1.00 GB

CodeHeap 'non-profiled nmethods': size=120000Kb used=2750Kb max_used=2750Kb free=117249Kb
 bounds [0x000001e787ad0000, 0x000001e787d80000, 0x000001e78f000000]
CodeHeap 'profiled nmethods': size=120000Kb used=9077Kb max_used=9077Kb free=110922Kb
 bounds [0x000001e7805a0000, 0x000001e780e80000, 0x000001e787ad0000]
CodeHeap 'non-nmethods': size=5760Kb used=1294Kb max_used=1360Kb free=4465Kb
 bounds [0x000001e780000000, 0x000001e780270000, 0x000001e7805a0000]
 total_blobs=4792 nmethods=4211 adapters=493
 compilation: enabled
              stopped_count=0, restarted_count=0
 full_count=0

Compilation events (20 events):
Event: 3.293 Thread 0x000001e7ffdb1890 nmethod 4199 0x000001e787d71010 code [0x000001e787d71240, 0x000001e787d721f0]
Event: 3.293 Thread 0x000001e7ffdb1890 4198       4       jdk.internal.loader.BuiltinClassLoader::defineClass (121 bytes)
Event: 3.293 Thread 0x000001e7ffacfc30 4226       3       java.lang.Character::isLetter (5 bytes)
Event: 3.293 Thread 0x000001e7ffacfc30 nmethod 4226 0x000001e780e7a510 code [0x000001e780e7a6e0, 0x000001e780e7a9d8]
Event: 3.293 Thread 0x000001e7ffacfc30 4227       3       java.lang.Character::isLetter (18 bytes)
Event: 3.293 Thread 0x000001e7ffacfc30 nmethod 4227 0x000001e780e7ab10 code [0x000001e780e7acc0, 0x000001e780e7af58]
Event: 3.315 Thread 0x000001e7ffacfc30 4230       3       java.util.regex.Pattern$BranchConn::match (11 bytes)
Event: 3.315 Thread 0x000001e7ffacfc30 nmethod 4230 0x000001e780e7b090 code [0x000001e780e7b240, 0x000001e780e7b408]
Event: 3.319 Thread 0x000001e7ffacfc30 4231       3       java.util.regex.Pattern$BitClass::is (22 bytes)
Event: 3.319 Thread 0x000001e7ffacfc30 nmethod 4231 0x000001e780e7b510 code [0x000001e780e7b6a0, 0x000001e780e7b858]
Event: 3.321 Thread 0x000001e7ffacfc30 4232   !   3       jdk.internal.loader.URLClassPath$JarLoader::getResource (65 bytes)
Event: 3.322 Thread 0x000001e7ffacfc30 nmethod 4232 0x000001e780e7b910 code [0x000001e780e7bb60, 0x000001e780e7c528]
Event: 3.328 Thread 0x000001e793c21830 nmethod 4139 0x000001e787d72c90 code [0x000001e787d73300, 0x000001e787d7ad20]
Event: 3.328 Thread 0x000001e793c21830 4229       4       java.lang.ClassLoader::getDefinedPackage (36 bytes)
Event: 3.344 Thread 0x000001e793c21830 nmethod 4229 0x000001e787d7dd10 code [0x000001e787d7df20, 0x000001e787d7efe8]
Event: 3.345 Thread 0x000001e793c21830 4233   !   4       jdk.internal.loader.URLClassPath$JarLoader::getResource (65 bytes)
Event: 3.352 Thread 0x000001e7ffacfc30 4235       3       org.apache.logging.slf4j.SLF4JLogger::isEnabled (7 bytes)
Event: 3.352 Thread 0x000001e7ffacfc30 nmethod 4235 0x000001e780e7c890 code [0x000001e780e7ca40, 0x000001e780e7cb68]
Event: 3.352 Thread 0x000001e7ffacfc30 4236       3       org.apache.logging.slf4j.SLF4JLogger::isEnabledFor (118 bytes)
Event: 3.353 Thread 0x000001e7ffacfc30 nmethod 4236 0x000001e780e7cc10 code [0x000001e780e7ce60, 0x000001e780e7d448]

GC Heap History (20 events):
Event: 0.929 GC heap after
{Heap after GC invocations=5 (full 0):
 garbage-first heap   total 37888K, used 9735K [0x0000000082e00000, 0x0000000100000000)
  region size 1024K, 2 young (2048K), 2 survivors (2048K)
 Metaspace       used 25546K, capacity 25801K, committed 26032K, reserved 1073152K
  class space    used 2865K, capacity 2984K, committed 3072K, reserved 1048576K
}
Event: 0.977 GC heap before
{Heap before GC invocations=5 (full 0):
 garbage-first heap   total 37888K, used 26119K [0x0000000082e00000, 0x0000000100000000)
  region size 1024K, 19 young (19456K), 2 survivors (2048K)
 Metaspace       used 27366K, capacity 27690K, committed 27952K, reserved 1075200K
  class space    used 3061K, capacity 3182K, committed 3200K, reserved 1048576K
}
Event: 0.979 GC heap after
{Heap after GC invocations=6 (full 0):
 garbage-first heap   total 37888K, used 10039K [0x0000000082e00000, 0x0000000100000000)
  region size 1024K, 2 young (2048K), 2 survivors (2048K)
 Metaspace       used 27366K, capacity 27690K, committed 27952K, reserved 1075200K
  class space    used 3061K, capacity 3182K, committed 3200K, reserved 1048576K
}
Event: 1.141 GC heap before
{Heap before GC invocations=6 (full 0):
 garbage-first heap   total 37888K, used 27447K [0x0000000082e00000, 0x0000000100000000)
  region size 1024K, 19 young (19456K), 2 survivors (2048K)
 Metaspace       used 29344K, capacity 29715K, committed 30000K, reserved 1075200K
  class space    used 3255K, capacity 3389K, committed 3456K, reserved 1048576K
}
Event: 1.145 GC heap after
{Heap after GC invocations=7 (full 0):
 garbage-first heap   total 46080K, used 11479K [0x0000000082e00000, 0x0000000100000000)
  region size 1024K, 3 young (3072K), 3 survivors (3072K)
 Metaspace       used 29344K, capacity 29715K, committed 30000K, reserved 1075200K
  class space    used 3255K, capacity 3389K, committed 3456K, reserved 1048576K
}
Event: 1.450 GC heap before
{Heap before GC invocations=7 (full 0):
 garbage-first heap   total 46080K, used 31959K [0x0000000082e00000, 0x0000000100000000)
  region size 1024K, 24 young (24576K), 3 survivors (3072K)
 Metaspace       used 32000K, capacity 32374K, committed 32688K, reserved 1079296K
  class space    used 3621K, capacity 3755K, committed 3840K, reserved 1048576K
}
Event: 1.456 GC heap after
{Heap after GC invocations=8 (full 0):
 garbage-first heap   total 46080K, used 13079K [0x0000000082e00000, 0x0000000100000000)
  region size 1024K, 3 young (3072K), 3 survivors (3072K)
 Metaspace       used 32000K, capacity 32374K, committed 32688K, reserved 1079296K
  class space    used 3621K, capacity 3755K, committed 3840K, reserved 1048576K
}
Event: 1.805 GC heap before
{Heap before GC invocations=8 (full 0):
 garbage-first heap   total 46080K, used 34583K [0x0000000082e00000, 0x0000000100000000)
  region size 1024K, 24 young (24576K), 3 survivors (3072K)
 Metaspace       used 35139K, capacity 35534K, committed 35888K, reserved 1081344K
  class space    used 3971K, capacity 4118K, committed 4224K, reserved 1048576K
}
Event: 1.812 GC heap after
{Heap after GC invocations=9 (full 0):
 garbage-first heap   total 46080K, used 14930K [0x0000000082e00000, 0x0000000100000000)
  region size 1024K, 2 young (2048K), 2 survivors (2048K)
 Metaspace       used 35139K, capacity 35534K, committed 35888K, reserved 1081344K
  class space    used 3971K, capacity 4118K, committed 4224K, reserved 1048576K
}
Event: 1.852 GC heap before
{Heap before GC invocations=9 (full 0):
 garbage-first heap   total 46080K, used 16978K [0x0000000082e00000, 0x0000000100000000)
  region size 1024K, 5 young (5120K), 2 survivors (2048K)
 Metaspace       used 35462K, capacity 35805K, committed 35888K, reserved 1081344K
  class space    used 4032K, capacity 4187K, committed 4224K, reserved 1048576K
}
Event: 1.857 GC heap after
{Heap after GC invocations=10 (full 0):
 garbage-first heap   total 46080K, used 15461K [0x0000000082e00000, 0x0000000100000000)
  region size 1024K, 1 young (1024K), 1 survivors (1024K)
 Metaspace       used 35462K, capacity 35805K, committed 35888K, reserved 1081344K
  class space    used 4032K, capacity 4187K, committed 4224K, reserved 1048576K
}
Event: 2.143 GC heap before
{Heap before GC invocations=11 (full 0):
 garbage-first heap   total 46080K, used 34917K [0x0000000082e00000, 0x0000000100000000)
  region size 1024K, 20 young (20480K), 1 survivors (1024K)
 Metaspace       used 38472K, capacity 38934K, committed 39088K, reserved 1083392K
  class space    used 4344K, capacity 4481K, committed 4608K, reserved 1048576K
}
Event: 2.148 GC heap after
{Heap after GC invocations=12 (full 0):
 garbage-first heap   total 58368K, used 16971K [0x0000000082e00000, 0x0000000100000000)
  region size 1024K, 2 young (2048K), 2 survivors (2048K)
 Metaspace       used 38472K, capacity 38934K, committed 39088K, reserved 1083392K
  class space    used 4344K, capacity 4481K, committed 4608K, reserved 1048576K
}
Event: 2.157 GC heap before
{Heap before GC invocations=12 (full 0):
 garbage-first heap   total 58368K, used 43595K [0x0000000082e00000, 0x0000000100000000)
  region size 1024K, 29 young (29696K), 2 survivors (2048K)
 Metaspace       used 38476K, capacity 38934K, committed 39088K, reserved 1083392K
  class space    used 4344K, capacity 4481K, committed 4608K, reserved 1048576K
}
Event: 2.160 GC heap after
{Heap after GC invocations=13 (full 0):
 garbage-first heap   total 58368K, used 17108K [0x0000000082e00000, 0x0000000100000000)
  region size 1024K, 2 young (2048K), 2 survivors (2048K)
 Metaspace       used 38476K, capacity 38934K, committed 39088K, reserved 1083392K
  class space    used 4344K, capacity 4481K, committed 4608K, reserved 1048576K
}
Event: 2.483 GC heap before
{Heap before GC invocations=13 (full 0):
 garbage-first heap   total 58368K, used 44756K [0x0000000082e00000, 0x0000000100000000)
  region size 1024K, 30 young (30720K), 2 survivors (2048K)
 Metaspace       used 43451K, capacity 43863K, committed 44080K, reserved 1089536K
  class space    used 4859K, capacity 4971K, committed 4992K, reserved 1048576K
}
Event: 2.486 GC heap after
{Heap after GC invocations=14 (full 0):
 garbage-first heap   total 58368K, used 18800K [0x0000000082e00000, 0x0000000100000000)
  region size 1024K, 4 young (4096K), 4 survivors (4096K)
 Metaspace       used 43451K, capacity 43863K, committed 44080K, reserved 1089536K
  class space    used 4859K, capacity 4971K, committed 4992K, reserved 1048576K
}
Event: 2.948 GC heap before
{Heap before GC invocations=14 (full 0):
 garbage-first heap   total 58368K, used 46448K [0x0000000082e00000, 0x0000000100000000)
  region size 1024K, 31 young (31744K), 4 survivors (4096K)
 Metaspace       used 50829K, capacity 51271K, committed 51504K, reserved 1095680K
  class space    used 6004K, capacity 6158K, committed 6272K, reserved 1048576K
}
Event: 2.952 GC heap after
{Heap after GC invocations=15 (full 0):
 garbage-first heap   total 58368K, used 20528K [0x0000000082e00000, 0x0000000100000000)
  region size 1024K, 4 young (4096K), 4 survivors (4096K)
 Metaspace       used 50829K, capacity 51271K, committed 51504K, reserved 1095680K
  class space    used 6004K, capacity 6158K, committed 6272K, reserved 1048576K
}
Event: 3.358 GC heap before
{Heap before GC invocations=15 (full 0):
 garbage-first heap   total 58368K, used 45104K [0x0000000082e00000, 0x0000000100000000)
  region size 1024K, 29 young (29696K), 4 survivors (4096K)
 Metaspace       used 57191K, capacity 57596K, committed 57776K, reserved 1099776K
  class space    used 6955K, capacity 7091K, committed 7168K, reserved 1048576K
}

Deoptimization events (20 events):
Event: 2.947 Thread 0x000001e7f87749c0 Uncommon trap: trap_request=0xffffffc6 fr.pc=0x000001e787cfd1a0 relative=0x0000000000005ec0
Event: 2.947 Thread 0x000001e7f87749c0 Uncommon trap: reason=bimorphic_or_optimized_type_check action=maybe_recompile pc=0x000001e787cfd1a0 method=java.lang.ClassLoader.loadClass(Ljava/lang/String;)Ljava/lang/Class; @ 3 c2
Event: 2.947 Thread 0x000001e7f87749c0 DEOPT PACKING pc=0x000001e787cfd1a0 sp=0x000000616d2fd6f0
Event: 2.947 Thread 0x000001e7f87749c0 DEOPT UNPACKING pc=0x000001e78004e42f sp=0x000000616d2fd7a0 mode 2
Event: 3.080 Thread 0x000001e7f87749c0 Uncommon trap: trap_request=0xffffffc6 fr.pc=0x000001e787cfd1a0 relative=0x0000000000005ec0
Event: 3.080 Thread 0x000001e7f87749c0 Uncommon trap: reason=bimorphic_or_optimized_type_check action=maybe_recompile pc=0x000001e787cfd1a0 method=java.lang.ClassLoader.loadClass(Ljava/lang/String;)Ljava/lang/Class; @ 3 c2
Event: 3.080 Thread 0x000001e7f87749c0 DEOPT PACKING pc=0x000001e787cfd1a0 sp=0x000000616d2fd720
Event: 3.080 Thread 0x000001e7f87749c0 DEOPT UNPACKING pc=0x000001e78004e42f sp=0x000000616d2fd7d0 mode 2
Event: 3.080 Thread 0x000001e7f87749c0 Uncommon trap: trap_request=0xffffffc6 fr.pc=0x000001e787cfd1a0 relative=0x0000000000005ec0
Event: 3.080 Thread 0x000001e7f87749c0 Uncommon trap: reason=bimorphic_or_optimized_type_check action=maybe_recompile pc=0x000001e787cfd1a0 method=java.lang.ClassLoader.loadClass(Ljava/lang/String;)Ljava/lang/Class; @ 3 c2
Event: 3.080 Thread 0x000001e7f87749c0 DEOPT PACKING pc=0x000001e787cfd1a0 sp=0x000000616d2fd720
Event: 3.080 Thread 0x000001e7f87749c0 DEOPT UNPACKING pc=0x000001e78004e42f sp=0x000000616d2fd7d0 mode 2
Event: 3.081 Thread 0x000001e7f87749c0 Uncommon trap: trap_request=0xffffff45 fr.pc=0x000001e787d53a80 relative=0x00000000000007a0
Event: 3.081 Thread 0x000001e7f87749c0 Uncommon trap: reason=unstable_if action=reinterpret pc=0x000001e787d53a80 method=jdk.internal.reflect.Reflection.verifyMemberAccess(Ljava/lang/Class;Ljava/lang/Class;Ljava/lang/Class;I)Z @ 43 c2
Event: 3.081 Thread 0x000001e7f87749c0 DEOPT PACKING pc=0x000001e787d53a80 sp=0x000000616d2fe260
Event: 3.081 Thread 0x000001e7f87749c0 DEOPT UNPACKING pc=0x000001e78004e42f sp=0x000000616d2fe0c8 mode 2
Event: 3.319 Thread 0x000001e7f87749c0 Uncommon trap: trap_request=0xffffff45 fr.pc=0x000001e787b10618 relative=0x0000000000002a58
Event: 3.319 Thread 0x000001e7f87749c0 Uncommon trap: reason=unstable_if action=reinterpret pc=0x000001e787b10618 method=java.util.jar.JarFile.getEntry(Ljava/lang/String;)Ljava/util/zip/ZipEntry; @ 15 c2
Event: 3.319 Thread 0x000001e7f87749c0 DEOPT PACKING pc=0x000001e787b10618 sp=0x000000616d2faff0
Event: 3.319 Thread 0x000001e7f87749c0 DEOPT UNPACKING pc=0x000001e78004e42f sp=0x000000616d2faf30 mode 2

Classes unloaded (0 events):
No events

Classes redefined (0 events):
No events

Internal exceptions (20 events):
Event: 2.298 Thread 0x000001e7f87749c0 Implicit null exception at 0x000001e780b48515 to 0x000001e780b48a95
Event: 2.298 Thread 0x000001e7f87749c0 Exception <a 'java/lang/NullPointerException'{0x00000000858e99a0}> (0x00000000858e99a0) 
thrown [./open/src/hotspot/share/runtime/sharedRuntime.cpp, line 585]
Event: 2.298 Thread 0x000001e7f87749c0 Implicit null exception at 0x000001e780b48515 to 0x000001e780b48a95
Event: 2.298 Thread 0x000001e7f87749c0 Exception <a 'java/lang/NullPointerException'{0x00000000858ea958}> (0x00000000858ea958) 
thrown [./open/src/hotspot/share/runtime/sharedRuntime.cpp, line 585]
Event: 2.298 Thread 0x000001e7f87749c0 Implicit null exception at 0x000001e780b48515 to 0x000001e780b48a95
Event: 2.298 Thread 0x000001e7f87749c0 Exception <a 'java/lang/NullPointerException'{0x00000000858eb8f8}> (0x00000000858eb8f8) 
thrown [./open/src/hotspot/share/runtime/sharedRuntime.cpp, line 585]
Event: 2.298 Thread 0x000001e7f87749c0 Implicit null exception at 0x000001e780b48515 to 0x000001e780b48a95
Event: 2.298 Thread 0x000001e7f87749c0 Exception <a 'java/lang/NullPointerException'{0x00000000858ec898}> (0x00000000858ec898) 
thrown [./open/src/hotspot/share/runtime/sharedRuntime.cpp, line 585]
Event: 2.298 Thread 0x000001e7f87749c0 Implicit null exception at 0x000001e780b48515 to 0x000001e780b48a95
Event: 2.298 Thread 0x000001e7f87749c0 Exception <a 'java/lang/NullPointerException'{0x00000000858ed7e8}> (0x00000000858ed7e8) 
thrown [./open/src/hotspot/share/runtime/sharedRuntime.cpp, line 585]
Event: 2.299 Thread 0x000001e7f87749c0 Implicit null exception at 0x000001e780b48515 to 0x000001e780b48a95
Event: 2.299 Thread 0x000001e7f87749c0 Exception <a 'java/lang/NullPointerException'{0x00000000858ee740}> (0x00000000858ee740) 
thrown [./open/src/hotspot/share/runtime/sharedRuntime.cpp, line 585]
Event: 2.299 Thread 0x000001e7f87749c0 Implicit null exception at 0x000001e780b48515 to 0x000001e780b48a95
Event: 2.299 Thread 0x000001e7f87749c0 Exception <a 'java/lang/NullPointerException'{0x00000000858ef6c8}> (0x00000000858ef6c8) 
thrown [./open/src/hotspot/share/runtime/sharedRuntime.cpp, line 585]
Event: 2.299 Thread 0x000001e7f87749c0 Implicit null exception at 0x000001e780b48515 to 0x000001e780b48a95
Event: 2.299 Thread 0x000001e7f87749c0 Exception <a 'java/lang/NullPointerException'{0x00000000858f0e50}> (0x00000000858f0e50) 
thrown [./open/src/hotspot/share/runtime/sharedRuntime.cpp, line 585]
Event: 2.299 Thread 0x000001e7f87749c0 Implicit null exception at 0x000001e780b48515 to 0x000001e780b48a95
Event: 2.299 Thread 0x000001e7f87749c0 Exception <a 'java/lang/NullPointerException'{0x00000000858f1df0}> (0x00000000858f1df0) 
thrown [./open/src/hotspot/share/runtime/sharedRuntime.cpp, line 585]
Event: 2.493 Thread 0x000001e7f87749c0 Exception <a 'java/lang/NoSuchMethodError'{0x000000008ab61220}: 'java.lang.Object java.lang.invoke.DirectMethodHandle$Holder.invokeStaticInit(java.lang.Object, java.lang.Object, java.lang.Object, java.lang.Object)'> (0x000000008ab61220) 
thrown [./open/src/hotspot/share/interpreter/linkResolver.cpp, line 782]
Event: 3.300 Thread 0x000001e7f87749c0 Exception <a 'java/lang/NoSuchMethodError'{0x00000000851482e0}: 'void java.lang.invoke.DirectMethodHandle$Holder.invokeInterface(java.lang.Object, java.lang.Object)'> (0x00000000851482e0) 
thrown [./open/src/hotspot/share/interpreter/linkResolver.cpp, line 782]

Events (20 events):
Event: 3.286 loading class java/nio/file/attribute/UserPrincipal done
Event: 3.286 loading class java/nio/file/FileStore
Event: 3.286 loading class java/nio/file/FileStore done
Event: 3.286 loading class java/nio/file/FileVisitor
Event: 3.286 loading class java/nio/file/FileVisitor done
Event: 3.317 loading class java/io/StreamCorruptedException
Event: 3.318 loading class java/io/StreamCorruptedException done
Event: 3.318 loading class java/io/ObjectInputValidation
Event: 3.318 loading class java/io/ObjectInputValidation done
Event: 3.318 loading class java/io/NotActiveException
Event: 3.318 loading class java/io/NotActiveException done
Event: 3.318 loading class java/io/ObjectInputFilter
Event: 3.318 loading class java/io/ObjectInputFilter done
Event: 3.318 loading class java/io/ObjectInputStream$GetField
Event: 3.318 loading class java/io/ObjectInputStream$GetField done
Event: 3.319 loading class java/io/ObjectInputFilter$FilterInfo
Event: 3.319 loading class java/io/ObjectInputFilter$FilterInfo done
Event: 3.319 loading class java/io/ObjectInputFilter$Status
Event: 3.319 loading class java/io/ObjectInputFilter$Status done
Event: 3.358 Executing VM operation: G1CollectForAllocation


Dynamic libraries:
0x00007ff6e9690000 - 0x00007ff6e969d000 	C:\Users\Juan Pablo Beltran\Downloads\sts-4.10.0.RELEASE\plugins\org.eclipse.justj.openjdk.hotspot.jre.full.win32.x86_64_15.0.2.v20210201-0955\jre\bin\javaw.exe
0x00007ffb5ae70000 - 0x00007ffb5b065000 	C:\WINDOWS\SYSTEM32\ntdll.dll
0x00007ffb5a4f0000 - 0x00007ffb5a5ad000 	C:\WINDOWS\System32\KERNEL32.DLL
0x00007ffb58ba0000 - 0x00007ffb58e68000 	C:\WINDOWS\System32\KERNELBASE.dll
0x00007ffb58870000 - 0x00007ffb58970000 	C:\WINDOWS\System32\ucrtbase.dll
0x00007ffb3dc30000 - 0x00007ffb3dc48000 	C:\Users\Juan Pablo Beltran\Downloads\sts-4.10.0.RELEASE\plugins\org.eclipse.justj.openjdk.hotspot.jre.full.win32.x86_64_15.0.2.v20210201-0955\jre\bin\jli.dll
0x00007ffb3dc50000 - 0x00007ffb3dc69000 	C:\Users\Juan Pablo Beltran\Downloads\sts-4.10.0.RELEASE\plugins\org.eclipse.justj.openjdk.hotspot.jre.full.win32.x86_64_15.0.2.v20210201-0955\jre\bin\VCRUNTIME140.dll
0x00007ffb5a350000 - 0x00007ffb5a4f0000 	C:\WINDOWS\System32\USER32.dll
0x00007ffb58710000 - 0x00007ffb58732000 	C:\WINDOWS\System32\win32u.dll
0x00007ffb3bf40000 - 0x00007ffb3c1da000 	C:\WINDOWS\WinSxS\amd64_microsoft.windows.common-controls_6595b64144ccf1df_6.0.19041.844_none_ca00b6081b84eb1d\COMCTL32.dll
0x00007ffb59cb0000 - 0x00007ffb59cda000 	C:\WINDOWS\System32\GDI32.dll
0x00007ffb58f30000 - 0x00007ffb58fce000 	C:\WINDOWS\System32\msvcrt.dll
0x00007ffb585b0000 - 0x00007ffb586bb000 	C:\WINDOWS\System32\gdi32full.dll
0x00007ffb58970000 - 0x00007ffb58a0d000 	C:\WINDOWS\System32\msvcp_win.dll
0x00007ffb5a270000 - 0x00007ffb5a2a0000 	C:\WINDOWS\System32\IMM32.DLL
0x00007ffb3bdf0000 - 0x00007ffb3bdfc000 	C:\Users\Juan Pablo Beltran\Downloads\sts-4.10.0.RELEASE\plugins\org.eclipse.justj.openjdk.hotspot.jre.full.win32.x86_64_15.0.2.v20210201-0955\jre\bin\vcruntime140_1.dll
0x00007ffb3a7d0000 - 0x00007ffb3a861000 	C:\Users\Juan Pablo Beltran\Downloads\sts-4.10.0.RELEASE\plugins\org.eclipse.justj.openjdk.hotspot.jre.full.win32.x86_64_15.0.2.v20210201-0955\jre\bin\msvcp140.dll
0x00007ffaed230000 - 0x00007ffaedd8e000 	C:\Users\Juan Pablo Beltran\Downloads\sts-4.10.0.RELEASE\plugins\org.eclipse.justj.openjdk.hotspot.jre.full.win32.x86_64_15.0.2.v20210201-0955\jre\bin\server\jvm.dll
0x00007ffb5a5b0000 - 0x00007ffb5a65c000 	C:\WINDOWS\System32\ADVAPI32.dll
0x00007ffb59030000 - 0x00007ffb590cb000 	C:\WINDOWS\System32\sechost.dll
0x00007ffb59b60000 - 0x00007ffb59c8b000 	C:\WINDOWS\System32\RPCRT4.dll
0x00007ffb5adb0000 - 0x00007ffb5adb8000 	C:\WINDOWS\System32\PSAPI.DLL
0x00007ffb3b3e0000 - 0x00007ffb3b407000 	C:\WINDOWS\SYSTEM32\WINMM.dll
0x00007ffb535d0000 - 0x00007ffb535d9000 	C:\WINDOWS\SYSTEM32\WSOCK32.dll
0x00007ffb51760000 - 0x00007ffb5176a000 	C:\WINDOWS\SYSTEM32\VERSION.dll
0x00007ffb5adc0000 - 0x00007ffb5ae2b000 	C:\WINDOWS\System32\WS2_32.dll
0x00007ffb56e80000 - 0x00007ffb56e92000 	C:\WINDOWS\SYSTEM32\kernel.appcore.dll
0x00007ffb535c0000 - 0x00007ffb535ca000 	C:\Users\Juan Pablo Beltran\Downloads\sts-4.10.0.RELEASE\plugins\org.eclipse.justj.openjdk.hotspot.jre.full.win32.x86_64_15.0.2.v20210201-0955\jre\bin\jimage.dll
0x00007ffb563f0000 - 0x00007ffb565d4000 	C:\WINDOWS\SYSTEM32\DBGHELP.DLL
0x00007ffb3a8d0000 - 0x00007ffb3a8fc000 	C:\WINDOWS\SYSTEM32\dbgcore.DLL
0x00007ffb58740000 - 0x00007ffb587c0000 	C:\WINDOWS\System32\bcryptPrimitives.dll
0x00007ffb43010000 - 0x00007ffb43035000 	C:\Users\Juan Pablo Beltran\Downloads\sts-4.10.0.RELEASE\plugins\org.eclipse.justj.openjdk.hotspot.jre.full.win32.x86_64_15.0.2.v20210201-0955\jre\bin\java.dll
0x00007ffb431f0000 - 0x00007ffb43208000 	C:\Users\Juan Pablo Beltran\Downloads\sts-4.10.0.RELEASE\plugins\org.eclipse.justj.openjdk.hotspot.jre.full.win32.x86_64_15.0.2.v20210201-0955\jre\bin\zip.dll
0x00007ffb5a660000 - 0x00007ffb5ada2000 	C:\WINDOWS\System32\SHELL32.dll
0x00007ffb566d0000 - 0x00007ffb56e61000 	C:\WINDOWS\SYSTEM32\windows.storage.dll
0x00007ffb59800000 - 0x00007ffb59b55000 	C:\WINDOWS\System32\combase.dll
0x00007ffb58020000 - 0x00007ffb5804c000 	C:\WINDOWS\SYSTEM32\Wldp.dll
0x00007ffb5a2a0000 - 0x00007ffb5a34e000 	C:\WINDOWS\System32\SHCORE.dll
0x00007ffb58ed0000 - 0x00007ffb58f25000 	C:\WINDOWS\System32\shlwapi.dll
0x00007ffb584f0000 - 0x00007ffb5850f000 	C:\WINDOWS\SYSTEM32\profapi.dll
0x00007ffb3de40000 - 0x00007ffb3de59000 	C:\Users\Juan Pablo Beltran\Downloads\sts-4.10.0.RELEASE\plugins\org.eclipse.justj.openjdk.hotspot.jre.full.win32.x86_64_15.0.2.v20210201-0955\jre\bin\net.dll
0x00007ffb40030000 - 0x00007ffb4013b000 	C:\WINDOWS\SYSTEM32\WINHTTP.dll
0x00007ffb57d90000 - 0x00007ffb57dfa000 	C:\WINDOWS\system32\mswsock.dll
0x00007ffb3de20000 - 0x00007ffb3de32000 	C:\Users\Juan Pablo Beltran\Downloads\sts-4.10.0.RELEASE\plugins\org.eclipse.justj.openjdk.hotspot.jre.full.win32.x86_64_15.0.2.v20210201-0955\jre\bin\nio.dll
0x00007ffb535b0000 - 0x00007ffb535c0000 	C:\Users\Juan Pablo Beltran\Downloads\sts-4.10.0.RELEASE\plugins\org.eclipse.justj.openjdk.hotspot.jre.full.win32.x86_64_15.0.2.v20210201-0955\jre\bin\verify.dll
0x00007ffb3bdd0000 - 0x00007ffb3bdd9000 	C:\Users\Juan Pablo Beltran\Downloads\sts-4.10.0.RELEASE\plugins\org.eclipse.justj.openjdk.hotspot.jre.full.win32.x86_64_15.0.2.v20210201-0955\jre\bin\management.dll
0x00007ffb3b460000 - 0x00007ffb3b46b000 	C:\Users\Juan Pablo Beltran\Downloads\sts-4.10.0.RELEASE\plugins\org.eclipse.justj.openjdk.hotspot.jre.full.win32.x86_64_15.0.2.v20210201-0955\jre\bin\management_ext.dll
0x00007ffb33150000 - 0x00007ffb33167000 	C:\WINDOWS\system32\napinsp.dll
0x00007ffb33090000 - 0x00007ffb330ab000 	C:\WINDOWS\system32\pnrpnsp.dll
0x00007ffb33070000 - 0x00007ffb33085000 	C:\WINDOWS\system32\wshbth.dll
0x00007ffb53cc0000 - 0x00007ffb53cdd000 	C:\WINDOWS\system32\NLAapi.dll
0x00007ffb57a30000 - 0x00007ffb57a6b000 	C:\WINDOWS\SYSTEM32\IPHLPAPI.DLL
0x00007ffb57a70000 - 0x00007ffb57b3c000 	C:\WINDOWS\SYSTEM32\DNSAPI.dll
0x00007ffb59ca0000 - 0x00007ffb59ca8000 	C:\WINDOWS\System32\NSI.dll
0x00007ffb32700000 - 0x00007ffb32712000 	C:\WINDOWS\System32\winrnr.dll
0x00007ffb3e610000 - 0x00007ffb3e61a000 	C:\Windows\System32\rasadhlp.dll
0x00007ffb3e7c0000 - 0x00007ffb3e83f000 	C:\WINDOWS\System32\fwpuclnt.dll
0x00007ffb58b70000 - 0x00007ffb58b97000 	C:\WINDOWS\System32\bcrypt.dll
0x00007ffb57f60000 - 0x00007ffb57f78000 	C:\WINDOWS\SYSTEM32\CRYPTSP.dll
0x00007ffb576c0000 - 0x00007ffb576f4000 	C:\WINDOWS\system32\rsaenh.dll
0x00007ffb584b0000 - 0x00007ffb584de000 	C:\WINDOWS\SYSTEM32\USERENV.dll
0x00007ffb57f80000 - 0x00007ffb57f8c000 	C:\WINDOWS\SYSTEM32\CRYPTBASE.dll
0x00007ffb4d100000 - 0x00007ffb4d117000 	C:\WINDOWS\SYSTEM32\dhcpcsvc6.DLL
0x00007ffb4e4a0000 - 0x00007ffb4e4bd000 	C:\WINDOWS\SYSTEM32\dhcpcsvc.DLL

dbghelp: loaded successfully - version: 4.0.5 - missing functions: none
symbol engine: initialized successfully - sym options: 0x614 - pdb path: .;C:\Users\Juan Pablo Beltran\Downloads\sts-4.10.0.RELEASE\plugins\org.eclipse.justj.openjdk.hotspot.jre.full.win32.x86_64_15.0.2.v20210201-0955\jre\bin;C:\WINDOWS\SYSTEM32;C:\WINDOWS\WinSxS\amd64_microsoft.windows.common-controls_6595b64144ccf1df_6.0.19041.844_none_ca00b6081b84eb1d;C:\Users\Juan Pablo Beltran\Downloads\sts-4.10.0.RELEASE\plugins\org.eclipse.justj.openjdk.hotspot.jre.full.win32.x86_64_15.0.2.v20210201-0955\jre\bin\server

VM Arguments:
jvm_args: -Dfile.encoding=UTF-8 -XX:+ShowCodeDetailsInExceptionMessages 
java_command: co.com.i4digital.demo.DemoApplication
java_class_path (initial): C:\Users\Juan Pablo Beltran\Documents\workspace-spring-tool-suite-4-4.10.0.RELEASE\demo\target\classes;C:\Users\Juan Pablo Beltran\.m2\repository\org\springframework\boot\spring-boot-starter-jdbc\2.1.8.RELEASE\spring-boot-starter-jdbc-2.1.8.RELEASE.jar;C:\Users\Juan Pablo Beltran\.m2\repository\org\springframework\boot\spring-boot-starter\2.1.8.RELEASE\spring-boot-starter-2.1.8.RELEASE.jar;C:\Users\Juan Pablo Beltran\.m2\repository\org\springframework\boot\spring-boot\2.1.8.RELEASE\spring-boot-2.1.8.RELEASE.jar;C:\Users\Juan Pablo Beltran\.m2\repository\org\springframework\boot\spring-boot-autoconfigure\2.1.8.RELEASE\spring-boot-autoconfigure-2.1.8.RELEASE.jar;C:\Users\Juan Pablo Beltran\.m2\repository\org\springframework\boot\spring-boot-starter-logging\2.1.8.RELEASE\spring-boot-starter-logging-2.1.8.RELEASE.jar;C:\Users\Juan Pablo Beltran\.m2\repository\ch\qos\logback\logback-classic\1.2.3\logback-classic-1.2.3.jar;C:\Users\Juan Pablo Beltran\.m2\repository\ch\qos\logback\logback-core\1.2.3\logback-core-1.2.3.jar;C:\Users\Juan Pablo Beltran\.m2\repository\org\apache\logging\log4j\log4j-to-slf4j\2.11.2\log4j-to-slf4j-2.11.2.jar;C:\Users\Juan Pablo Beltran\.m2\repository\org\apache\logging\log4j\log4j-api\2.11.2\log4j-api-2.11.2.jar;C:\Users\Juan Pablo Beltran\.m2\repository\org\slf4j\jul-to-slf4j\1.7.28\jul-to-slf4j-1.7.28.jar;C:\Users\Juan Pablo Beltran\.m2\repository\javax\annotation\javax.annotation-api\1.3.2\javax.annotation-api-1.3.2.jar;C:\Users\Juan Pablo Beltran\.m2\repository\org\yaml\snakeyaml\1.23\snakeyaml-1.23.jar;C:\Users\Juan Pablo Beltran\.m2\repository\com\zaxxer\HikariCP\3.2.0\HikariCP-3.2.0.jar;C:\Users\Juan Pablo Beltran\.m2\repository\org\slf4j\slf4j-api\1.7.28\slf4j-api-1.7.28.jar;C:\Users\Juan Pablo Beltran\.m2\repository\org\springframework\spring-jdbc\5.1.9.RELEASE\spring-jdbc-5.1.9.RELEASE.jar;C:\Users\Juan Pablo Beltran\.m2\repository\org\springframework\spring-beans\5.1.9.RELEASE\spring-beans-5.1.9.RELEASE.ja
Launcher Type: SUN_STANDARD

[Global flags]
     intx CICompilerCount                          = 4                                         {product} {ergonomic}
     uint ConcGCThreads                            = 2                                         {product} {ergonomic}
     uint G1ConcRefinementThreads                  = 8                                         {product} {ergonomic}
   size_t G1HeapRegionSize                         = 1048576                                   {product} {ergonomic}
    uintx GCDrainStackTargetSize                   = 64                                        {product} {ergonomic}
   size_t InitialHeapSize                          = 132120576                                 {product} {ergonomic}
   size_t MarkStackSize                            = 4194304                                   {product} {ergonomic}
   size_t MaxHeapSize                              = 2099249152                                {product} {ergonomic}
   size_t MaxNewSize                               = 1259339776                                {product} {ergonomic}
   size_t MinHeapDeltaBytes                        = 1048576                                   {product} {ergonomic}
   size_t MinHeapSize                              = 8388608                                   {product} {ergonomic}
    uintx NonNMethodCodeHeapSize                   = 5839372                                {pd product} {ergonomic}
    uintx NonProfiledCodeHeapSize                  = 122909434                              {pd product} {ergonomic}
    uintx ProfiledCodeHeapSize                     = 122909434                              {pd product} {ergonomic}
    uintx ReservedCodeCacheSize                    = 251658240                              {pd product} {ergonomic}
     bool SegmentedCodeCache                       = true                                      {product} {ergonomic}
     bool ShowCodeDetailsInExceptionMessages       = true                                   {manageable} {command line}
   size_t SoftMaxHeapSize                          = 2099249152                             {manageable} {ergonomic}
     bool UseCompressedClassPointers               = true                                 {lp64_product} {ergonomic}
     bool UseCompressedOops                        = true                                 {lp64_product} {ergonomic}
     bool UseG1GC                                  = true                                      {product} {ergonomic}
     bool UseLargePagesIndividualAllocation        = false                                  {pd product} {ergonomic}

Logging:
Log output configuration:
 #0: stdout all=warning uptime,level,tags
 #1: stderr all=off uptime,level,tags

Environment Variables:
JAVA_HOME=C:\Program Files (x86)\Java\jdk1.7.0_80
PATH=C:/Users/Juan Pablo Beltran/Downloads/sts-4.10.0.RELEASE//plugins/org.eclipse.justj.openjdk.hotspot.jre.full.win32.x86_64_15.0.2.v20210201-0955/jre/bin/server;C:/Users/Juan Pablo Beltran/Downloads/sts-4.10.0.RELEASE//plugins/org.eclipse.justj.openjdk.hotspot.jre.full.win32.x86_64_15.0.2.v20210201-0955/jre/bin;C:\Program Files (x86)\Common Files\Oracle\Java\javapath;C:\WINDOWS\system32\WBEM;C:\Windows\system32\WBEM;C:\Windows\system32;C:\Windows;C:\Windows\System32\Wbem;C:\Windows\System32\WindowsPowerShell\v1.0\;C:\Windows\System32\OpenSSH\;C:\Program Files (x86)\NVIDIA Corporation\PhysX\Common;C:\Program Files\NVIDIA Corporation\NVIDIA NvDLISR;C:\Users\Juan Pablo Beltran\AppData\Local\Microsoft\WindowsApps;C:\Program Files (x86)\Java\jdk1.7.0_80\bin;;C:\WINDOWS\system32;C:\WINDOWS;C:\WINDOWS\System32\Wbem;C:\WINDOWS\System32\WindowsPowerShell\v1.0\;C:\WINDOWS\System32\OpenSSH\;C:\Program Files\nodejs\;C:\Users\Juan Pablo Beltran\AppData\Local\Microsoft\WindowsApps;C:\AppServ\Apache24\bin;C:\AppServ\php7;C:\AppServ\MySQL\bin;C:\Users\Juan Pablo Beltran\AppData\Roaming\npm;C:\Users\Juan Pablo Beltran\Downloads\sts-4.10.0.RELEASE;
USERNAME=Juan Pablo Beltran
OS=Windows_NT
PROCESSOR_IDENTIFIER=Intel64 Family 6 Model 158 Stepping 10, GenuineIntel



---------------  S Y S T E M  ---------------

OS:
 Windows 10 , 64 bit Build 19041 (10.0.19041.928)
OS uptime: 0 days 2:34 hours

CPU: total 8 (initial active 8) (4 cores per cpu, 2 threads per core) family 6 model 158 stepping 10 microcode 0xca, cmov, cx8, fxsr, mmx, sse, sse2, sse3, ssse3, sse4.1, sse4.2, popcnt, vzeroupper, avx, avx2, aes, clmul, erms, 3dnowpref, lzcnt, ht, tsc, tscinvbit, bmi1, bmi2, adx, fma, clflush, clflushopt

Memory: 4k page, system-wide physical 8000M (1920M free)
TotalPageFile size 8000M (AvailPageFile size 15M)
current process WorkingSet (physical memory assigned to process): 269M, peak: 275M
current process commit charge ("private bytes"): 302M, peak: 319M

vm_info: OpenJDK 64-Bit Server VM (15.0.2+7-27) for windows-amd64 JRE (15.0.2+7-27), built on Dec  7 2020 20:02:38 by "mach5one" with unknown MS VC++:1925

END.
