#
# There is insufficient memory for the Java Runtime Environment to continue.
# Native memory allocation (malloc) failed to allocate 316096 bytes for Chunk::new
# Possible reasons:
#   The system is out of physical RAM or swap space
#   The process is running with CompressedOops enabled, and the Java Heap may be blocking the growth of the native heap
# Possible solutions:
#   Reduce memory load on the system
#   Increase physical memory or swap space
#   Check if swap backing store is full
#   Decrease Java heap size (-Xmx/-Xms)
#   Decrease number of Java threads
#   Decrease Java thread stack sizes (-Xss)
#   Set larger code cache with -XX:ReservedCodeCacheSize=
#   JVM is running with Unscaled Compressed Oops mode in which the Java heap is
#     placed in the first 4GB address space. The Java Heap base address is the
#     maximum limit for the native heap growth. Please use -XX:HeapBaseMinAddress
#     to set the Java Heap base and to place the Java Heap above 4GB virtual address.
# This output file may be truncated or incomplete.
#
#  Out of Memory Error (./open/src/hotspot/share/memory/arena.cpp:195), pid=1924, tid=7436
#
# JRE version: OpenJDK Runtime Environment (15.0.2+7) (build 15.0.2+7-27)
# Java VM: OpenJDK 64-Bit Server VM (15.0.2+7-27, mixed mode, tiered, compressed oops, g1 gc, windows-amd64)
# No core dump will be written. Minidumps are not enabled by default on client versions of Windows
#

---------------  S U M M A R Y ------------

Command Line: -Dfile.encoding=UTF-8 -XX:+ShowCodeDetailsInExceptionMessages co.com.i4digital.demo.DemoApplication

Host: Intel(R) Core(TM) i5-8300H CPU @ 2.30GHz, 8 cores, 7G,  Windows 10 , 64 bit Build 19041 (10.0.19041.928)
Time: Sat Apr 24 13:22:52 2021 Hora de verano central (México) elapsed time: 0.373560 seconds (0d 0h 0m 0s)

---------------  T H R E A D  ---------------

Current thread (0x000002777fb8eea0):  JavaThread "C2 CompilerThread0" daemon [_thread_in_native, id=7436, stack(0x000000ab60a00000,0x000000ab60b00000)]


Current CompileTask:
C2:    373  665   !   4       jdk.internal.loader.URLClassPath$JarLoader::getResource (65 bytes)

Stack: [0x000000ab60a00000,0x000000ab60b00000]
Native frames: (J=compiled Java code, j=interpreted, Vv=VM code, C=native code)
V  [jvm.dll+0x62ae9a]
V  [jvm.dll+0x7817a9]
V  [jvm.dll+0x782f03]
V  [jvm.dll+0x783563]
V  [jvm.dll+0x216325]
V  [jvm.dll+0x97f3a]
V  [jvm.dll+0x9861c]
V  [jvm.dll+0x279f9f]
V  [jvm.dll+0x540794]
V  [jvm.dll+0x1f3124]
V  [jvm.dll+0x1ecaf1]
V  [jvm.dll+0x1e9867]
V  [jvm.dll+0x178567]
V  [jvm.dll+0x1f9225]
V  [jvm.dll+0x1f72cc]
V  [jvm.dll+0x74495d]
V  [jvm.dll+0x73d75a]
V  [jvm.dll+0x629c56]
C  [ucrtbase.dll+0x21bb2]
C  [KERNEL32.DLL+0x17034]
C  [ntdll.dll+0x52651]


---------------  P R O C E S S  ---------------

Threads class SMR info:
_java_thread_list=0x000002777fd470a0, length=12, elements={
0x000002777a7978d0, 0x000002777fb16270, 0x000002777fb173f0, 0x000002777fb1e160,
0x000002777fb1ea20, 0x000002777fb89ba0, 0x000002777fb8eea0, 0x000002777fb91650,
0x000002777fba4360, 0x000002777fd15420, 0x000002777fd2b4e0, 0x000002777fb92a90
}

Java Threads: ( => current thread )
  0x000002777a7978d0 JavaThread "main" [_thread_in_vm, id=3320, stack(0x000000ab5fe00000,0x000000ab5ff00000)]
  0x000002777fb16270 JavaThread "Reference Handler" daemon [_thread_blocked, id=1612, stack(0x000000ab60500000,0x000000ab60600000)]
  0x000002777fb173f0 JavaThread "Finalizer" daemon [_thread_blocked, id=3388, stack(0x000000ab60600000,0x000000ab60700000)]
  0x000002777fb1e160 JavaThread "Signal Dispatcher" daemon [_thread_blocked, id=12520, stack(0x000000ab60700000,0x000000ab60800000)]
  0x000002777fb1ea20 JavaThread "Attach Listener" daemon [_thread_blocked, id=11540, stack(0x000000ab60800000,0x000000ab60900000)]
  0x000002777fb89ba0 JavaThread "Service Thread" daemon [_thread_blocked, id=2924, stack(0x000000ab60900000,0x000000ab60a00000)]
=>0x000002777fb8eea0 JavaThread "C2 CompilerThread0" daemon [_thread_in_native, id=7436, stack(0x000000ab60a00000,0x000000ab60b00000)]
  0x000002777fb91650 JavaThread "C1 CompilerThread0" daemon [_thread_in_native, id=9988, stack(0x000000ab60b00000,0x000000ab60c00000)]
  0x000002777fba4360 JavaThread "Sweeper thread" daemon [_thread_blocked, id=12412, stack(0x000000ab60c00000,0x000000ab60d00000)]
  0x000002777fd15420 JavaThread "Notification Thread" daemon [_thread_blocked, id=2912, stack(0x000000ab60d00000,0x000000ab60e00000)]
  0x000002777fd2b4e0 JavaThread "Common-Cleaner" daemon [_thread_blocked, id=3468, stack(0x000000ab60f00000,0x000000ab61000000)]
  0x000002777fb92a90 JavaThread "C2 CompilerThread1" daemon [_thread_in_native, id=8556, stack(0x000000ab61000000,0x000000ab61100000)]

Other Threads:
  0x000002777fb2d480 VMThread "VM Thread" [stack: 0x000000ab60400000,0x000000ab60500000] [id=2368]
  0x000002777fd158f0 WatcherThread [stack: 0x000000ab60e00000,0x000000ab60f00000] [id=7120]
  0x000002777a7dac40 GCTaskThread "GC Thread#0" [stack: 0x000000ab5ff00000,0x000000ab60000000] [id=9112]
  0x000002777a7ed4c0 ConcurrentGCThread "G1 Main Marker" [stack: 0x000000ab60000000,0x000000ab60100000] [id=7696]
  0x000002777a7ee420 ConcurrentGCThread "G1 Conc#0" [stack: 0x000000ab60100000,0x000000ab60200000] [id=1884]
  0x000002777a855510 ConcurrentGCThread "G1 Refine#0" [stack: 0x000000ab60200000,0x000000ab60300000] [id=300]
  0x000002777a855ce0 ConcurrentGCThread "G1 Young RemSet Sampling" [stack: 0x000000ab60300000,0x000000ab60400000] [id=8448]

Threads with active compile tasks:
C2 CompilerThread0      393  665   !   4       jdk.internal.loader.URLClassPath$JarLoader::getResource (65 bytes)
C1 CompilerThread0      393  745       3       java.util.zip.ZipFile$ZipFileInputStream::<init> (96 bytes)
C2 CompilerThread1      393  667       4       java.util.jar.JarFile::getEntry (35 bytes)

VM state: not at safepoint (normal execution)

VM Mutex/Monitor currently owned by a thread: None

Heap address: 0x0000000082e00000, size: 2002 MB, Compressed Oops mode: 32-bit
CDS disabled.
Compressed class space mapped at: 0x0000000100000000-0x0000000140000000, size: 1073741824
Narrow klass base: 0x0000000000000000, Narrow klass shift: 3, Narrow klass range: 0x140000000

GC Precious Log:
 CPUs: 8 total, 8 available
 Memory: 8000M
 Large Page Support: Disabled
 NUMA Support: Disabled
 Compressed Oops: Enabled (32-bit)
 Heap Region Size: 1M
 Heap Min Capacity: 8M
 Heap Initial Capacity: 126M
 Heap Max Capacity: 2002M
 Pre-touch: Disabled
 Parallel Workers: 8
 Concurrent Workers: 2
 Concurrent Refinement Workers: 8
 Periodic GC: Disabled

Heap:
 garbage-first heap   total 129024K, used 13312K [0x0000000082e00000, 0x0000000100000000)
  region size 1024K, 14 young (14336K), 0 survivors (0K)
 Metaspace       used 10864K, capacity 11013K, committed 11136K, reserved 1058816K
  class space    used 991K, capacity 1051K, committed 1152K, reserved 1048576K

Heap Regions: E=young(eden), S=young(survivor), O=old, HS=humongous(starts), HC=humongous(continues), CS=collection set, F=free, OA=open archive, CA=closed archive, TAMS=top-at-mark-start (previous, next)
|   0|0x0000000082e00000, 0x0000000082f00000, 0x0000000082f00000|100%|HS|  |TAMS 0x0000000082e00000, 0x0000000082e00000| Complete 
|   1|0x0000000082f00000, 0x0000000082f00000, 0x0000000083000000|  0%| F|  |TAMS 0x0000000082f00000, 0x0000000082f00000| Untracked 
|   2|0x0000000083000000, 0x0000000083000000, 0x0000000083100000|  0%| F|  |TAMS 0x0000000083000000, 0x0000000083000000| Untracked 
|   3|0x0000000083100000, 0x0000000083100000, 0x0000000083200000|  0%| F|  |TAMS 0x0000000083100000, 0x0000000083100000| Untracked 
|   4|0x0000000083200000, 0x0000000083200000, 0x0000000083300000|  0%| F|  |TAMS 0x0000000083200000, 0x0000000083200000| Untracked 
|   5|0x0000000083300000, 0x0000000083300000, 0x0000000083400000|  0%| F|  |TAMS 0x0000000083300000, 0x0000000083300000| Untracked 
|   6|0x0000000083400000, 0x0000000083400000, 0x0000000083500000|  0%| F|  |TAMS 0x0000000083400000, 0x0000000083400000| Untracked 
|   7|0x0000000083500000, 0x0000000083500000, 0x0000000083600000|  0%| F|  |TAMS 0x0000000083500000, 0x0000000083500000| Untracked 
|   8|0x0000000083600000, 0x0000000083600000, 0x0000000083700000|  0%| F|  |TAMS 0x0000000083600000, 0x0000000083600000| Untracked 
|   9|0x0000000083700000, 0x0000000083700000, 0x0000000083800000|  0%| F|  |TAMS 0x0000000083700000, 0x0000000083700000| Untracked 
|  10|0x0000000083800000, 0x0000000083800000, 0x0000000083900000|  0%| F|  |TAMS 0x0000000083800000, 0x0000000083800000| Untracked 
|  11|0x0000000083900000, 0x0000000083900000, 0x0000000083a00000|  0%| F|  |TAMS 0x0000000083900000, 0x0000000083900000| Untracked 
|  12|0x0000000083a00000, 0x0000000083a00000, 0x0000000083b00000|  0%| F|  |TAMS 0x0000000083a00000, 0x0000000083a00000| Untracked 
|  13|0x0000000083b00000, 0x0000000083b00000, 0x0000000083c00000|  0%| F|  |TAMS 0x0000000083b00000, 0x0000000083b00000| Untracked 
|  14|0x0000000083c00000, 0x0000000083c00000, 0x0000000083d00000|  0%| F|  |TAMS 0x0000000083c00000, 0x0000000083c00000| Untracked 
|  15|0x0000000083d00000, 0x0000000083d00000, 0x0000000083e00000|  0%| F|  |TAMS 0x0000000083d00000, 0x0000000083d00000| Untracked 
|  16|0x0000000083e00000, 0x0000000083e00000, 0x0000000083f00000|  0%| F|  |TAMS 0x0000000083e00000, 0x0000000083e00000| Untracked 
|  17|0x0000000083f00000, 0x0000000083f00000, 0x0000000084000000|  0%| F|  |TAMS 0x0000000083f00000, 0x0000000083f00000| Untracked 
|  18|0x0000000084000000, 0x0000000084000000, 0x0000000084100000|  0%| F|  |TAMS 0x0000000084000000, 0x0000000084000000| Untracked 
|  19|0x0000000084100000, 0x0000000084100000, 0x0000000084200000|  0%| F|  |TAMS 0x0000000084100000, 0x0000000084100000| Untracked 
|  20|0x0000000084200000, 0x0000000084200000, 0x0000000084300000|  0%| F|  |TAMS 0x0000000084200000, 0x0000000084200000| Untracked 
|  21|0x0000000084300000, 0x0000000084300000, 0x0000000084400000|  0%| F|  |TAMS 0x0000000084300000, 0x0000000084300000| Untracked 
|  22|0x0000000084400000, 0x0000000084400000, 0x0000000084500000|  0%| F|  |TAMS 0x0000000084400000, 0x0000000084400000| Untracked 
|  23|0x0000000084500000, 0x0000000084500000, 0x0000000084600000|  0%| F|  |TAMS 0x0000000084500000, 0x0000000084500000| Untracked 
|  24|0x0000000084600000, 0x0000000084600000, 0x0000000084700000|  0%| F|  |TAMS 0x0000000084600000, 0x0000000084600000| Untracked 
|  25|0x0000000084700000, 0x0000000084700000, 0x0000000084800000|  0%| F|  |TAMS 0x0000000084700000, 0x0000000084700000| Untracked 
|  26|0x0000000084800000, 0x0000000084800000, 0x0000000084900000|  0%| F|  |TAMS 0x0000000084800000, 0x0000000084800000| Untracked 
|  27|0x0000000084900000, 0x0000000084900000, 0x0000000084a00000|  0%| F|  |TAMS 0x0000000084900000, 0x0000000084900000| Untracked 
|  28|0x0000000084a00000, 0x0000000084a00000, 0x0000000084b00000|  0%| F|  |TAMS 0x0000000084a00000, 0x0000000084a00000| Untracked 
|  29|0x0000000084b00000, 0x0000000084b00000, 0x0000000084c00000|  0%| F|  |TAMS 0x0000000084b00000, 0x0000000084b00000| Untracked 
|  30|0x0000000084c00000, 0x0000000084c00000, 0x0000000084d00000|  0%| F|  |TAMS 0x0000000084c00000, 0x0000000084c00000| Untracked 
|  31|0x0000000084d00000, 0x0000000084d00000, 0x0000000084e00000|  0%| F|  |TAMS 0x0000000084d00000, 0x0000000084d00000| Untracked 
|  32|0x0000000084e00000, 0x0000000084e00000, 0x0000000084f00000|  0%| F|  |TAMS 0x0000000084e00000, 0x0000000084e00000| Untracked 
|  33|0x0000000084f00000, 0x0000000084f00000, 0x0000000085000000|  0%| F|  |TAMS 0x0000000084f00000, 0x0000000084f00000| Untracked 
|  34|0x0000000085000000, 0x0000000085000000, 0x0000000085100000|  0%| F|  |TAMS 0x0000000085000000, 0x0000000085000000| Untracked 
|  35|0x0000000085100000, 0x0000000085100000, 0x0000000085200000|  0%| F|  |TAMS 0x0000000085100000, 0x0000000085100000| Untracked 
|  36|0x0000000085200000, 0x0000000085200000, 0x0000000085300000|  0%| F|  |TAMS 0x0000000085200000, 0x0000000085200000| Untracked 
|  37|0x0000000085300000, 0x0000000085300000, 0x0000000085400000|  0%| F|  |TAMS 0x0000000085300000, 0x0000000085300000| Untracked 
|  38|0x0000000085400000, 0x0000000085400000, 0x0000000085500000|  0%| F|  |TAMS 0x0000000085400000, 0x0000000085400000| Untracked 
|  39|0x0000000085500000, 0x0000000085500000, 0x0000000085600000|  0%| F|  |TAMS 0x0000000085500000, 0x0000000085500000| Untracked 
|  40|0x0000000085600000, 0x0000000085600000, 0x0000000085700000|  0%| F|  |TAMS 0x0000000085600000, 0x0000000085600000| Untracked 
|  41|0x0000000085700000, 0x0000000085700000, 0x0000000085800000|  0%| F|  |TAMS 0x0000000085700000, 0x0000000085700000| Untracked 
|  42|0x0000000085800000, 0x0000000085800000, 0x0000000085900000|  0%| F|  |TAMS 0x0000000085800000, 0x0000000085800000| Untracked 
|  43|0x0000000085900000, 0x0000000085900000, 0x0000000085a00000|  0%| F|  |TAMS 0x0000000085900000, 0x0000000085900000| Untracked 
|  44|0x0000000085a00000, 0x0000000085a00000, 0x0000000085b00000|  0%| F|  |TAMS 0x0000000085a00000, 0x0000000085a00000| Untracked 
|  45|0x0000000085b00000, 0x0000000085b00000, 0x0000000085c00000|  0%| F|  |TAMS 0x0000000085b00000, 0x0000000085b00000| Untracked 
|  46|0x0000000085c00000, 0x0000000085c00000, 0x0000000085d00000|  0%| F|  |TAMS 0x0000000085c00000, 0x0000000085c00000| Untracked 
|  47|0x0000000085d00000, 0x0000000085d00000, 0x0000000085e00000|  0%| F|  |TAMS 0x0000000085d00000, 0x0000000085d00000| Untracked 
|  48|0x0000000085e00000, 0x0000000085e00000, 0x0000000085f00000|  0%| F|  |TAMS 0x0000000085e00000, 0x0000000085e00000| Untracked 
|  49|0x0000000085f00000, 0x0000000085f00000, 0x0000000086000000|  0%| F|  |TAMS 0x0000000085f00000, 0x0000000085f00000| Untracked 
|  50|0x0000000086000000, 0x0000000086000000, 0x0000000086100000|  0%| F|  |TAMS 0x0000000086000000, 0x0000000086000000| Untracked 
|  51|0x0000000086100000, 0x0000000086100000, 0x0000000086200000|  0%| F|  |TAMS 0x0000000086100000, 0x0000000086100000| Untracked 
|  52|0x0000000086200000, 0x0000000086200000, 0x0000000086300000|  0%| F|  |TAMS 0x0000000086200000, 0x0000000086200000| Untracked 
|  53|0x0000000086300000, 0x0000000086300000, 0x0000000086400000|  0%| F|  |TAMS 0x0000000086300000, 0x0000000086300000| Untracked 
|  54|0x0000000086400000, 0x0000000086400000, 0x0000000086500000|  0%| F|  |TAMS 0x0000000086400000, 0x0000000086400000| Untracked 
|  55|0x0000000086500000, 0x0000000086500000, 0x0000000086600000|  0%| F|  |TAMS 0x0000000086500000, 0x0000000086500000| Untracked 
|  56|0x0000000086600000, 0x0000000086600000, 0x0000000086700000|  0%| F|  |TAMS 0x0000000086600000, 0x0000000086600000| Untracked 
|  57|0x0000000086700000, 0x0000000086700000, 0x0000000086800000|  0%| F|  |TAMS 0x0000000086700000, 0x0000000086700000| Untracked 
|  58|0x0000000086800000, 0x0000000086800000, 0x0000000086900000|  0%| F|  |TAMS 0x0000000086800000, 0x0000000086800000| Untracked 
|  59|0x0000000086900000, 0x0000000086900000, 0x0000000086a00000|  0%| F|  |TAMS 0x0000000086900000, 0x0000000086900000| Untracked 
|  60|0x0000000086a00000, 0x0000000086a00000, 0x0000000086b00000|  0%| F|  |TAMS 0x0000000086a00000, 0x0000000086a00000| Untracked 
|  61|0x0000000086b00000, 0x0000000086b00000, 0x0000000086c00000|  0%| F|  |TAMS 0x0000000086b00000, 0x0000000086b00000| Untracked 
|  62|0x0000000086c00000, 0x0000000086c00000, 0x0000000086d00000|  0%| F|  |TAMS 0x0000000086c00000, 0x0000000086c00000| Untracked 
|  63|0x0000000086d00000, 0x0000000086d00000, 0x0000000086e00000|  0%| F|  |TAMS 0x0000000086d00000, 0x0000000086d00000| Untracked 
|  64|0x0000000086e00000, 0x0000000086e00000, 0x0000000086f00000|  0%| F|  |TAMS 0x0000000086e00000, 0x0000000086e00000| Untracked 
|  65|0x0000000086f00000, 0x0000000086f00000, 0x0000000087000000|  0%| F|  |TAMS 0x0000000086f00000, 0x0000000086f00000| Untracked 
|  66|0x0000000087000000, 0x0000000087000000, 0x0000000087100000|  0%| F|  |TAMS 0x0000000087000000, 0x0000000087000000| Untracked 
|  67|0x0000000087100000, 0x0000000087100000, 0x0000000087200000|  0%| F|  |TAMS 0x0000000087100000, 0x0000000087100000| Untracked 
|  68|0x0000000087200000, 0x0000000087200000, 0x0000000087300000|  0%| F|  |TAMS 0x0000000087200000, 0x0000000087200000| Untracked 
|  69|0x0000000087300000, 0x0000000087300000, 0x0000000087400000|  0%| F|  |TAMS 0x0000000087300000, 0x0000000087300000| Untracked 
|  70|0x0000000087400000, 0x0000000087400000, 0x0000000087500000|  0%| F|  |TAMS 0x0000000087400000, 0x0000000087400000| Untracked 
|  71|0x0000000087500000, 0x0000000087500000, 0x0000000087600000|  0%| F|  |TAMS 0x0000000087500000, 0x0000000087500000| Untracked 
|  72|0x0000000087600000, 0x0000000087600000, 0x0000000087700000|  0%| F|  |TAMS 0x0000000087600000, 0x0000000087600000| Untracked 
|  73|0x0000000087700000, 0x0000000087700000, 0x0000000087800000|  0%| F|  |TAMS 0x0000000087700000, 0x0000000087700000| Untracked 
|  74|0x0000000087800000, 0x0000000087800000, 0x0000000087900000|  0%| F|  |TAMS 0x0000000087800000, 0x0000000087800000| Untracked 
|  75|0x0000000087900000, 0x0000000087900000, 0x0000000087a00000|  0%| F|  |TAMS 0x0000000087900000, 0x0000000087900000| Untracked 
|  76|0x0000000087a00000, 0x0000000087a00000, 0x0000000087b00000|  0%| F|  |TAMS 0x0000000087a00000, 0x0000000087a00000| Untracked 
|  77|0x0000000087b00000, 0x0000000087b00000, 0x0000000087c00000|  0%| F|  |TAMS 0x0000000087b00000, 0x0000000087b00000| Untracked 
|  78|0x0000000087c00000, 0x0000000087c00000, 0x0000000087d00000|  0%| F|  |TAMS 0x0000000087c00000, 0x0000000087c00000| Untracked 
|  79|0x0000000087d00000, 0x0000000087d00000, 0x0000000087e00000|  0%| F|  |TAMS 0x0000000087d00000, 0x0000000087d00000| Untracked 
|  80|0x0000000087e00000, 0x0000000087e00000, 0x0000000087f00000|  0%| F|  |TAMS 0x0000000087e00000, 0x0000000087e00000| Untracked 
|  81|0x0000000087f00000, 0x0000000087f00000, 0x0000000088000000|  0%| F|  |TAMS 0x0000000087f00000, 0x0000000087f00000| Untracked 
|  82|0x0000000088000000, 0x0000000088000000, 0x0000000088100000|  0%| F|  |TAMS 0x0000000088000000, 0x0000000088000000| Untracked 
|  83|0x0000000088100000, 0x0000000088100000, 0x0000000088200000|  0%| F|  |TAMS 0x0000000088100000, 0x0000000088100000| Untracked 
|  84|0x0000000088200000, 0x0000000088200000, 0x0000000088300000|  0%| F|  |TAMS 0x0000000088200000, 0x0000000088200000| Untracked 
|  85|0x0000000088300000, 0x0000000088300000, 0x0000000088400000|  0%| F|  |TAMS 0x0000000088300000, 0x0000000088300000| Untracked 
|  86|0x0000000088400000, 0x0000000088400000, 0x0000000088500000|  0%| F|  |TAMS 0x0000000088400000, 0x0000000088400000| Untracked 
|  87|0x0000000088500000, 0x0000000088500000, 0x0000000088600000|  0%| F|  |TAMS 0x0000000088500000, 0x0000000088500000| Untracked 
|  88|0x0000000088600000, 0x0000000088600000, 0x0000000088700000|  0%| F|  |TAMS 0x0000000088600000, 0x0000000088600000| Untracked 
|  89|0x0000000088700000, 0x0000000088700000, 0x0000000088800000|  0%| F|  |TAMS 0x0000000088700000, 0x0000000088700000| Untracked 
|  90|0x0000000088800000, 0x0000000088800000, 0x0000000088900000|  0%| F|  |TAMS 0x0000000088800000, 0x0000000088800000| Untracked 
|  91|0x0000000088900000, 0x0000000088900000, 0x0000000088a00000|  0%| F|  |TAMS 0x0000000088900000, 0x0000000088900000| Untracked 
|  92|0x0000000088a00000, 0x0000000088a00000, 0x0000000088b00000|  0%| F|  |TAMS 0x0000000088a00000, 0x0000000088a00000| Untracked 
|  93|0x0000000088b00000, 0x0000000088b00000, 0x0000000088c00000|  0%| F|  |TAMS 0x0000000088b00000, 0x0000000088b00000| Untracked 
|  94|0x0000000088c00000, 0x0000000088c00000, 0x0000000088d00000|  0%| F|  |TAMS 0x0000000088c00000, 0x0000000088c00000| Untracked 
|  95|0x0000000088d00000, 0x0000000088d00000, 0x0000000088e00000|  0%| F|  |TAMS 0x0000000088d00000, 0x0000000088d00000| Untracked 
|  96|0x0000000088e00000, 0x0000000088e00000, 0x0000000088f00000|  0%| F|  |TAMS 0x0000000088e00000, 0x0000000088e00000| Untracked 
|  97|0x0000000088f00000, 0x0000000088f00000, 0x0000000089000000|  0%| F|  |TAMS 0x0000000088f00000, 0x0000000088f00000| Untracked 
|  98|0x0000000089000000, 0x0000000089000000, 0x0000000089100000|  0%| F|  |TAMS 0x0000000089000000, 0x0000000089000000| Untracked 
|  99|0x0000000089100000, 0x0000000089100000, 0x0000000089200000|  0%| F|  |TAMS 0x0000000089100000, 0x0000000089100000| Untracked 
| 100|0x0000000089200000, 0x0000000089200000, 0x0000000089300000|  0%| F|  |TAMS 0x0000000089200000, 0x0000000089200000| Untracked 
| 101|0x0000000089300000, 0x0000000089300000, 0x0000000089400000|  0%| F|  |TAMS 0x0000000089300000, 0x0000000089300000| Untracked 
| 102|0x0000000089400000, 0x0000000089400000, 0x0000000089500000|  0%| F|  |TAMS 0x0000000089400000, 0x0000000089400000| Untracked 
| 103|0x0000000089500000, 0x0000000089500000, 0x0000000089600000|  0%| F|  |TAMS 0x0000000089500000, 0x0000000089500000| Untracked 
| 104|0x0000000089600000, 0x0000000089600000, 0x0000000089700000|  0%| F|  |TAMS 0x0000000089600000, 0x0000000089600000| Untracked 
| 105|0x0000000089700000, 0x0000000089700000, 0x0000000089800000|  0%| F|  |TAMS 0x0000000089700000, 0x0000000089700000| Untracked 
| 106|0x0000000089800000, 0x0000000089800000, 0x0000000089900000|  0%| F|  |TAMS 0x0000000089800000, 0x0000000089800000| Untracked 
| 107|0x0000000089900000, 0x0000000089900000, 0x0000000089a00000|  0%| F|  |TAMS 0x0000000089900000, 0x0000000089900000| Untracked 
| 108|0x0000000089a00000, 0x0000000089a00000, 0x0000000089b00000|  0%| F|  |TAMS 0x0000000089a00000, 0x0000000089a00000| Untracked 
| 109|0x0000000089b00000, 0x0000000089c00000, 0x0000000089c00000|100%| S|  |TAMS 0x0000000089b00000, 0x0000000089b00000| Complete 
| 110|0x0000000089c00000, 0x0000000089d00000, 0x0000000089d00000|100%| S|  |TAMS 0x0000000089c00000, 0x0000000089c00000| Complete 
| 111|0x0000000089d00000, 0x0000000089e00000, 0x0000000089e00000|100%| S|  |TAMS 0x0000000089d00000, 0x0000000089d00000| Complete 
| 112|0x0000000089e00000, 0x0000000089eec168, 0x0000000089f00000| 92%| E|CS|TAMS 0x0000000089e00000, 0x0000000089eec168| Complete 
| 113|0x0000000089f00000, 0x000000008a000000, 0x000000008a000000|100%| E|CS|TAMS 0x0000000089f00000, 0x000000008a000000| Complete 
| 114|0x000000008a000000, 0x000000008a100000, 0x000000008a100000|100%| E|CS|TAMS 0x000000008a000000, 0x000000008a100000| Complete 
| 115|0x000000008a100000, 0x000000008a200000, 0x000000008a200000|100%| E|CS|TAMS 0x000000008a100000, 0x000000008a200000| Complete 
| 116|0x000000008a200000, 0x000000008a300000, 0x000000008a300000|100%| E|CS|TAMS 0x000000008a200000, 0x000000008a300000| Complete 
| 117|0x000000008a300000, 0x000000008a400000, 0x000000008a400000|100%| E|CS|TAMS 0x000000008a300000, 0x000000008a400000| Complete 
| 118|0x000000008a400000, 0x000000008a500000, 0x000000008a500000|100%| E|CS|TAMS 0x000000008a400000, 0x000000008a500000| Complete 
| 119|0x000000008a500000, 0x000000008a600000, 0x000000008a600000|100%| E|CS|TAMS 0x000000008a500000, 0x000000008a600000| Complete 
| 120|0x000000008a600000, 0x000000008a700000, 0x000000008a700000|100%| E|CS|TAMS 0x000000008a600000, 0x000000008a700000| Complete 
| 121|0x000000008a700000, 0x000000008a800000, 0x000000008a800000|100%| E|CS|TAMS 0x000000008a700000, 0x000000008a800000| Complete 
| 122|0x000000008a800000, 0x000000008a900000, 0x000000008a900000|100%| E|CS|TAMS 0x000000008a800000, 0x000000008a900000| Complete 
| 123|0x000000008a900000, 0x000000008aa00000, 0x000000008aa00000|100%| E|CS|TAMS 0x000000008a900000, 0x000000008aa00000| Complete 
| 124|0x000000008aa00000, 0x000000008ab00000, 0x000000008ab00000|100%| E|CS|TAMS 0x000000008aa00000, 0x000000008ab00000| Complete 
| 125|0x000000008ab00000, 0x000000008ac00000, 0x000000008ac00000|100%| E|CS|TAMS 0x000000008ab00000, 0x000000008ac00000| Complete 

Card table byte_map: [0x000002777e8c0000,0x000002777ecb0000] _byte_map_base: 0x000002777e4a9000

Marking Bits (Prev, Next): (CMBitMap*) 0x000002777a7dd020, (CMBitMap*) 0x000002777a7dd060
 Prev Bits: [0x000002770f000000, 0x0000027710f48000)
 Next Bits: [0x0000027710f50000, 0x0000027712e98000)

Polling page: 0x0000027778770000

Metaspace:

Usage:
  Non-class:      9.73 MB capacity,     9.65 MB (>99%) used,    71.26 KB ( <1%) free+waste,     7.06 KB ( <1%) overhead. 
      Class:      1.03 MB capacity,   993.03 KB ( 94%) used,    55.59 KB (  5%) free+waste,     2.38 KB ( <1%) overhead. 
       Both:     10.75 MB capacity,    10.62 MB ( 99%) used,   126.85 KB (  1%) free+waste,     9.44 KB ( <1%) overhead. 

Virtual space:
  Non-class space:       20.00 MB reserved,       9.75 MB ( 49%) committed 
      Class space:        1.00 GB reserved,       1.12 MB ( <1%) committed 
             Both:        1.02 GB reserved,      10.88 MB (  1%) committed 

Chunk freelists:
   Non-Class:  22.00 KB
       Class:  5.00 KB
        Both:  27.00 KB

MaxMetaspaceSize: 17179869184.00 GB
CompressedClassSpaceSize: 1.00 GB

CodeHeap 'non-profiled nmethods': size=120000Kb used=228Kb max_used=228Kb free=119771Kb
 bounds [0x0000027707ad0000, 0x0000027707d40000, 0x000002770f000000]
CodeHeap 'profiled nmethods': size=120000Kb used=1366Kb max_used=1366Kb free=118633Kb
 bounds [0x00000277005a0000, 0x0000027700810000, 0x0000027707ad0000]
CodeHeap 'non-nmethods': size=5760Kb used=1148Kb max_used=1184Kb free=4611Kb
 bounds [0x0000027700000000, 0x0000027700270000, 0x00000277005a0000]
 total_blobs=1145 nmethods=746 adapters=312
 compilation: enabled
              stopped_count=0, restarted_count=0
 full_count=0

Compilation events (20 events):
Event: 0.363 Thread 0x000002777fb91650  695       3       java.util.concurrent.ConcurrentHashMap$Node::<init> (14 bytes)
Event: 0.363 Thread 0x000002777fb91650 nmethod 695 0x00000277006cbc10 code [0x00000277006cbdc0, 0x00000277006cc098]
Event: 0.363 Thread 0x000002777fb91650  689       1       java.lang.invoke.MethodTypeForm::erasedType (5 bytes)
Event: 0.363 Thread 0x000002777fb91650 nmethod 689 0x0000027707b02410 code [0x0000027707b025a0, 0x0000027707b02658]
Event: 0.363 Thread 0x000002777fb91650  693       1       java.lang.reflect.Method::getReturnType (5 bytes)
Event: 0.363 Thread 0x000002777fb91650 nmethod 693 0x0000027707b02710 code [0x0000027707b028a0, 0x0000027707b02958]
Event: 0.368 Thread 0x000002777fb91650  697       3       java.util.zip.ZipFile$Source::getEntryPos (9 bytes)
Event: 0.368 Thread 0x000002777fb91650 nmethod 697 0x00000277006cc190 code [0x00000277006cc320, 0x00000277006cc458]
Event: 0.369 Thread 0x000002777fb91650  698       3       java.lang.CharacterDataLatin1::isWhitespace (23 bytes)
Event: 0.369 Thread 0x000002777fb91650 nmethod 698 0x00000277006cc510 code [0x00000277006cc6c0, 0x00000277006cc8b8]
Event: 0.370 Thread 0x000002777fb91650  699       3       java.util.concurrent.locks.ReentrantLock$NonfairSync::<init> (5 bytes)
Event: 0.370 Thread 0x000002777fb91650 nmethod 699 0x00000277006cca10 code [0x00000277006ccbc0, 0x00000277006cce38]
Event: 0.370 Thread 0x000002777fb91650  700       3       java.util.concurrent.locks.ReentrantLock$Sync::<init> (5 bytes)
Event: 0.370 Thread 0x000002777fb91650 nmethod 700 0x00000277006ccf90 code [0x00000277006cd140, 0x00000277006cd358]
Event: 0.370 Thread 0x000002777fb91650  701       3       java.io.FilterInputStream::<init> (10 bytes)
Event: 0.370 Thread 0x000002777fb91650 nmethod 701 0x00000277006cd490 code [0x00000277006cd640, 0x00000277006cd858]
Event: 0.371 Thread 0x000002777fb91650  702       3       java.lang.invoke.Invokers$Holder::linkToTargetMethod (8 bytes)
Event: 0.371 Thread 0x000002777fb91650 nmethod 702 0x00000277006cd910 code [0x00000277006cdac0, 0x00000277006cdd98]
Event: 0.371 Thread 0x000002777fb91650  703       3       java.lang.invoke.LambdaForm$MH/0x0000000100066440::invoke (8 bytes)
Event: 0.371 Thread 0x000002777fb91650 nmethod 703 0x00000277006cde90 code [0x00000277006ce020, 0x00000277006ce258]

GC Heap History (0 events):
No events

Deoptimization events (20 events):
Event: 0.296 Thread 0x000002777a7978d0 DEOPT PACKING pc=0x0000027707ad9c5c sp=0x000000ab5fefd510
Event: 0.296 Thread 0x000002777a7978d0 DEOPT UNPACKING pc=0x000002770004e42f sp=0x000000ab5fefd438 mode 2
Event: 0.296 Thread 0x000002777a7978d0 Uncommon trap: trap_request=0xffffff45 fr.pc=0x0000027707ada7c4 relative=0x00000000000003a4
Event: 0.296 Thread 0x000002777a7978d0 Uncommon trap: reason=unstable_if action=reinterpret pc=0x0000027707ada7c4 method=java.lang.AbstractStringBuilder.isLatin1()Z @ 10 c2
Event: 0.296 Thread 0x000002777a7978d0 DEOPT PACKING pc=0x0000027707ada7c4 sp=0x000000ab5fefd520
Event: 0.296 Thread 0x000002777a7978d0 DEOPT UNPACKING pc=0x000002770004e42f sp=0x000000ab5fefd4a0 mode 2
Event: 0.296 Thread 0x000002777a7978d0 Uncommon trap: trap_request=0xffffff45 fr.pc=0x0000027707ade058 relative=0x0000000000000058
Event: 0.296 Thread 0x000002777a7978d0 Uncommon trap: reason=unstable_if action=reinterpret pc=0x0000027707ade058 method=java.lang.AbstractStringBuilder.isLatin1()Z @ 10 c2
Event: 0.296 Thread 0x000002777a7978d0 DEOPT PACKING pc=0x0000027707ade058 sp=0x000000ab5fefd500
Event: 0.296 Thread 0x000002777a7978d0 DEOPT UNPACKING pc=0x000002770004e42f sp=0x000000ab5fefd490 mode 2
Event: 0.313 Thread 0x000002777a7978d0 Uncommon trap: trap_request=0xffffff45 fr.pc=0x0000027707ad7434 relative=0x0000000000000034
Event: 0.313 Thread 0x000002777a7978d0 Uncommon trap: reason=unstable_if action=reinterpret pc=0x0000027707ad7434 method=java.lang.StringLatin1.canEncode(I)Z @ 4 c2
Event: 0.313 Thread 0x000002777a7978d0 DEOPT PACKING pc=0x0000027707ad7434 sp=0x000000ab5fefcb10
Event: 0.313 Thread 0x000002777a7978d0 DEOPT UNPACKING pc=0x000002770004e42f sp=0x000000ab5fefcaa0 mode 2
Event: 0.332 Thread 0x000002777a7978d0 Uncommon trap: trap_request=0xffffff45 fr.pc=0x0000027707adafe0 relative=0x0000000000000060
Event: 0.332 Thread 0x000002777a7978d0 Uncommon trap: reason=unstable_if action=reinterpret pc=0x0000027707adafe0 method=java.io.WinNTFileSystem.isSlash(C)Z @ 9 c2
Event: 0.332 Thread 0x000002777a7978d0 DEOPT PACKING pc=0x0000027707adafe0 sp=0x000000ab5fefe8b0
Event: 0.332 Thread 0x000002777a7978d0 DEOPT UNPACKING pc=0x000002770004e42f sp=0x000000ab5fefe838 mode 2
Event: 0.344 Thread 0x000002777a7978d0 DEOPT PACKING pc=0x00000277005cb8d0 sp=0x000000ab5fefdf40
Event: 0.344 Thread 0x000002777a7978d0 DEOPT UNPACKING pc=0x000002770004e23f sp=0x000000ab5fefd3e0 mode 0

Classes unloaded (0 events):
No events

Classes redefined (0 events):
No events

Internal exceptions (6 events):
Event: 0.225 Thread 0x000002777a7978d0 Exception <a 'java/lang/ClassNotFoundException'{0x000000008a5cb8e0}: javax/smartcardio/CardPermission> (0x000000008a5cb8e0) 
thrown [./open/src/hotspot/share/classfile/systemDictionary.cpp, line 295]
Event: 0.227 Thread 0x000002777a7978d0 Exception <a 'java/io/FileNotFoundException'{0x000000008a5db090}> (0x000000008a5db090) 
thrown [./open/src/hotspot/share/prims/jni.cpp, line 578]
Event: 0.242 Thread 0x000002777a7978d0 Exception <a 'java/lang/NoSuchMethodError'{0x000000008a405af0}: 'void java.lang.invoke.DirectMethodHandle$Holder.invokeSpecial(java.lang.Object, java.lang.Object, java.lang.Object)'> (0x000000008a405af0) 
thrown [./open/src/hotspot/share/interpreter/linkResolver.cpp, line 782]
Event: 0.341 Thread 0x000002777a7978d0 Exception <a 'java/lang/NoSuchMethodError'{0x000000008a042690}: 'int java.lang.invoke.DirectMethodHandle$Holder.invokeStaticInit(java.lang.Object, java.lang.Object)'> (0x000000008a042690) 
thrown [./open/src/hotspot/share/interpreter/linkResolver.cpp, line 782]
Event: 0.349 Thread 0x000002777a7978d0 Exception <a 'java/lang/NoSuchMethodError'{0x000000008a0cb4d8}: 'java.lang.Object java.lang.invoke.DirectMethodHandle$Holder.invokeInterface(java.lang.Object, java.lang.Object)'> (0x000000008a0cb4d8) 
thrown [./open/src/hotspot/share/interpreter/linkResolver.cpp, line 782]
Event: 0.359 Thread 0x000002777a7978d0 Exception <a 'java/lang/NoSuchMethodError'{0x0000000089f15f78}: 'java.lang.Object java.lang.invoke.DirectMethodHandle$Holder.newInvokeSpecial(java.lang.Object, java.lang.Object, java.lang.Object, java.lang.Object, java.lang.Object)'> (0x0000000089f15f78) 
thrown [./open/src/hotspot/share/interpreter/linkResolver.cpp, line 782]

Events (20 events):
Event: 0.369 loading class sun/reflect/generics/repository/AbstractRepository
Event: 0.369 loading class sun/reflect/generics/repository/AbstractRepository done
Event: 0.369 loading class sun/reflect/generics/repository/GenericDeclRepository done
Event: 0.369 loading class sun/reflect/generics/repository/ClassRepository done
Event: 0.369 loading class sun/reflect/generics/tree/FormalTypeParameter
Event: 0.369 loading class sun/reflect/generics/tree/FormalTypeParameter done
Event: 0.369 loading class sun/reflect/generics/tree/ClassSignature
Event: 0.369 loading class sun/reflect/generics/tree/Signature
Event: 0.369 loading class sun/reflect/generics/tree/Signature done
Event: 0.369 loading class sun/reflect/generics/tree/ClassSignature done
Event: 0.369 loading class java/lang/reflect/TypeVariable
Event: 0.369 loading class java/lang/reflect/TypeVariable done
Event: 0.369 loading class sun/reflect/generics/reflectiveObjects/TypeVariableImpl
Event: 0.369 loading class sun/reflect/generics/reflectiveObjects/LazyReflectiveObjectGenerator
Event: 0.369 loading class sun/reflect/generics/reflectiveObjects/LazyReflectiveObjectGenerator done
Event: 0.369 loading class sun/reflect/generics/reflectiveObjects/TypeVariableImpl done
Event: 0.370 loading class java/lang/reflect/ParameterizedType
Event: 0.370 loading class java/lang/reflect/ParameterizedType done
Event: 0.370 loading class java/lang/reflect/WildcardType
Event: 0.370 loading class java/lang/reflect/WildcardType done


Dynamic libraries:
0x00007ff69a950000 - 0x00007ff69a95d000 	C:\Users\Juan Pablo Beltran\Downloads\sts-4.10.0.RELEASE\plugins\org.eclipse.justj.openjdk.hotspot.jre.full.win32.x86_64_15.0.2.v20210201-0955\jre\bin\javaw.exe
0x00007fffa5d30000 - 0x00007fffa5f25000 	C:\WINDOWS\SYSTEM32\ntdll.dll
0x00007fffa5a50000 - 0x00007fffa5b0d000 	C:\WINDOWS\System32\KERNEL32.DLL
0x00007fffa3820000 - 0x00007fffa3ae8000 	C:\WINDOWS\System32\KERNELBASE.dll
0x00007fffa3c90000 - 0x00007fffa3d90000 	C:\WINDOWS\System32\ucrtbase.dll
0x00007fff9e1d0000 - 0x00007fff9e1e8000 	C:\Users\Juan Pablo Beltran\Downloads\sts-4.10.0.RELEASE\plugins\org.eclipse.justj.openjdk.hotspot.jre.full.win32.x86_64_15.0.2.v20210201-0955\jre\bin\jli.dll
0x00007fff9e1f0000 - 0x00007fff9e209000 	C:\Users\Juan Pablo Beltran\Downloads\sts-4.10.0.RELEASE\plugins\org.eclipse.justj.openjdk.hotspot.jre.full.win32.x86_64_15.0.2.v20210201-0955\jre\bin\VCRUNTIME140.dll
0x00007fffa5040000 - 0x00007fffa51e0000 	C:\WINDOWS\System32\USER32.dll
0x00007fffa3470000 - 0x00007fffa3492000 	C:\WINDOWS\System32\win32u.dll
0x00007fff880e0000 - 0x00007fff8837a000 	C:\WINDOWS\WinSxS\amd64_microsoft.windows.common-controls_6595b64144ccf1df_6.0.19041.844_none_ca00b6081b84eb1d\COMCTL32.dll
0x00007fffa4f90000 - 0x00007fffa4fba000 	C:\WINDOWS\System32\GDI32.dll
0x00007fffa4920000 - 0x00007fffa49be000 	C:\WINDOWS\System32\msvcrt.dll
0x00007fffa34a0000 - 0x00007fffa35ab000 	C:\WINDOWS\System32\gdi32full.dll
0x00007fffa3af0000 - 0x00007fffa3b8d000 	C:\WINDOWS\System32\msvcp_win.dll
0x00007fffa58f0000 - 0x00007fffa5920000 	C:\WINDOWS\System32\IMM32.DLL
0x00007fff9e1c0000 - 0x00007fff9e1cc000 	C:\Users\Juan Pablo Beltran\Downloads\sts-4.10.0.RELEASE\plugins\org.eclipse.justj.openjdk.hotspot.jre.full.win32.x86_64_15.0.2.v20210201-0955\jre\bin\vcruntime140_1.dll
0x00007fff9be50000 - 0x00007fff9bee1000 	C:\Users\Juan Pablo Beltran\Downloads\sts-4.10.0.RELEASE\plugins\org.eclipse.justj.openjdk.hotspot.jre.full.win32.x86_64_15.0.2.v20210201-0955\jre\bin\msvcp140.dll
0x00007fff3ce30000 - 0x00007fff3d98e000 	C:\Users\Juan Pablo Beltran\Downloads\sts-4.10.0.RELEASE\plugins\org.eclipse.justj.openjdk.hotspot.jre.full.win32.x86_64_15.0.2.v20210201-0955\jre\bin\server\jvm.dll
0x00007fffa3f40000 - 0x00007fffa3fec000 	C:\WINDOWS\System32\ADVAPI32.dll
0x00007fffa5290000 - 0x00007fffa532b000 	C:\WINDOWS\System32\sechost.dll
0x00007fffa5330000 - 0x00007fffa545b000 	C:\WINDOWS\System32\RPCRT4.dll
0x00007fffa5460000 - 0x00007fffa5468000 	C:\WINDOWS\System32\PSAPI.DLL
0x00007fff733b0000 - 0x00007fff733b9000 	C:\WINDOWS\SYSTEM32\WSOCK32.dll
0x00007fff9c480000 - 0x00007fff9c48a000 	C:\WINDOWS\SYSTEM32\VERSION.dll
0x00007fff885f0000 - 0x00007fff88617000 	C:\WINDOWS\SYSTEM32\WINMM.dll
0x00007fffa5bf0000 - 0x00007fffa5c5b000 	C:\WINDOWS\System32\WS2_32.dll
0x00007fffa1d40000 - 0x00007fffa1d52000 	C:\WINDOWS\SYSTEM32\kernel.appcore.dll
0x00007fff65aa0000 - 0x00007fff65aaa000 	C:\Users\Juan Pablo Beltran\Downloads\sts-4.10.0.RELEASE\plugins\org.eclipse.justj.openjdk.hotspot.jre.full.win32.x86_64_15.0.2.v20210201-0955\jre\bin\jimage.dll
0x00007fffa1160000 - 0x00007fffa1344000 	C:\WINDOWS\SYSTEM32\DBGHELP.DLL
0x00007fff847a0000 - 0x00007fff847cc000 	C:\WINDOWS\SYSTEM32\dbgcore.DLL
0x00007fffa35b0000 - 0x00007fffa3630000 	C:\WINDOWS\System32\bcryptPrimitives.dll
0x00007fff412f0000 - 0x00007fff41315000 	C:\Users\Juan Pablo Beltran\Downloads\sts-4.10.0.RELEASE\plugins\org.eclipse.justj.openjdk.hotspot.jre.full.win32.x86_64_15.0.2.v20210201-0955\jre\bin\java.dll
0x00007fff43430000 - 0x00007fff43448000 	C:\Users\Juan Pablo Beltran\Downloads\sts-4.10.0.RELEASE\plugins\org.eclipse.justj.openjdk.hotspot.jre.full.win32.x86_64_15.0.2.v20210201-0955\jre\bin\zip.dll
0x00007fffa4170000 - 0x00007fffa48b2000 	C:\WINDOWS\System32\SHELL32.dll
0x00007fffa1590000 - 0x00007fffa1d21000 	C:\WINDOWS\SYSTEM32\windows.storage.dll
0x00007fffa5590000 - 0x00007fffa58e5000 	C:\WINDOWS\System32\combase.dll
0x00007fffa2ee0000 - 0x00007fffa2f0c000 	C:\WINDOWS\SYSTEM32\Wldp.dll
0x00007fffa51e0000 - 0x00007fffa528e000 	C:\WINDOWS\System32\SHCORE.dll
0x00007fffa4f30000 - 0x00007fffa4f85000 	C:\WINDOWS\System32\shlwapi.dll
0x00007fffa33b0000 - 0x00007fffa33cf000 	C:\WINDOWS\SYSTEM32\profapi.dll
0x00007fff412d0000 - 0x00007fff412e9000 	C:\Users\Juan Pablo Beltran\Downloads\sts-4.10.0.RELEASE\plugins\org.eclipse.justj.openjdk.hotspot.jre.full.win32.x86_64_15.0.2.v20210201-0955\jre\bin\net.dll
0x00007fff8b5d0000 - 0x00007fff8b6db000 	C:\WINDOWS\SYSTEM32\WINHTTP.dll
0x00007fffa2c50000 - 0x00007fffa2cba000 	C:\WINDOWS\system32\mswsock.dll
0x00007fff412b0000 - 0x00007fff412c2000 	C:\Users\Juan Pablo Beltran\Downloads\sts-4.10.0.RELEASE\plugins\org.eclipse.justj.openjdk.hotspot.jre.full.win32.x86_64_15.0.2.v20210201-0955\jre\bin\nio.dll
0x00007fff9e230000 - 0x00007fff9e240000 	C:\Users\Juan Pablo Beltran\Downloads\sts-4.10.0.RELEASE\plugins\org.eclipse.justj.openjdk.hotspot.jre.full.win32.x86_64_15.0.2.v20210201-0955\jre\bin\verify.dll

dbghelp: loaded successfully - version: 4.0.5 - missing functions: none
symbol engine: initialized successfully - sym options: 0x614 - pdb path: .;C:\Users\Juan Pablo Beltran\Downloads\sts-4.10.0.RELEASE\plugins\org.eclipse.justj.openjdk.hotspot.jre.full.win32.x86_64_15.0.2.v20210201-0955\jre\bin;C:\WINDOWS\SYSTEM32;C:\WINDOWS\WinSxS\amd64_microsoft.windows.common-controls_6595b64144ccf1df_6.0.19041.844_none_ca00b6081b84eb1d;C:\Users\Juan Pablo Beltran\Downloads\sts-4.10.0.RELEASE\plugins\org.eclipse.justj.openjdk.hotspot.jre.full.win32.x86_64_15.0.2.v20210201-0955\jre\bin\server

VM Arguments:
jvm_args: -Dfile.encoding=UTF-8 -XX:+ShowCodeDetailsInExceptionMessages 
java_command: co.com.i4digital.demo.DemoApplication
java_class_path (initial): C:\Users\Juan Pablo Beltran\Documents\workspace-spring-tool-suite-4-4.10.0.RELEASE\demo\target\classes;C:\Users\Juan Pablo Beltran\.m2\repository\org\springframework\boot\spring-boot-starter-jdbc\2.1.8.RELEASE\spring-boot-starter-jdbc-2.1.8.RELEASE.jar;C:\Users\Juan Pablo Beltran\.m2\repository\org\springframework\boot\spring-boot-starter\2.1.8.RELEASE\spring-boot-starter-2.1.8.RELEASE.jar;C:\Users\Juan Pablo Beltran\.m2\repository\org\springframework\boot\spring-boot\2.1.8.RELEASE\spring-boot-2.1.8.RELEASE.jar;C:\Users\Juan Pablo Beltran\.m2\repository\org\springframework\boot\spring-boot-autoconfigure\2.1.8.RELEASE\spring-boot-autoconfigure-2.1.8.RELEASE.jar;C:\Users\Juan Pablo Beltran\.m2\repository\org\springframework\boot\spring-boot-starter-logging\2.1.8.RELEASE\spring-boot-starter-logging-2.1.8.RELEASE.jar;C:\Users\Juan Pablo Beltran\.m2\repository\ch\qos\logback\logback-classic\1.2.3\logback-classic-1.2.3.jar;C:\Users\Juan Pablo Beltran\.m2\repository\ch\qos\logback\logback-core\1.2.3\logback-core-1.2.3.jar;C:\Users\Juan Pablo Beltran\.m2\repository\org\apache\logging\log4j\log4j-to-slf4j\2.11.2\log4j-to-slf4j-2.11.2.jar;C:\Users\Juan Pablo Beltran\.m2\repository\org\apache\logging\log4j\log4j-api\2.11.2\log4j-api-2.11.2.jar;C:\Users\Juan Pablo Beltran\.m2\repository\org\slf4j\jul-to-slf4j\1.7.28\jul-to-slf4j-1.7.28.jar;C:\Users\Juan Pablo Beltran\.m2\repository\javax\annotation\javax.annotation-api\1.3.2\javax.annotation-api-1.3.2.jar;C:\Users\Juan Pablo Beltran\.m2\repository\org\yaml\snakeyaml\1.23\snakeyaml-1.23.jar;C:\Users\Juan Pablo Beltran\.m2\repository\com\zaxxer\HikariCP\3.2.0\HikariCP-3.2.0.jar;C:\Users\Juan Pablo Beltran\.m2\repository\org\slf4j\slf4j-api\1.7.28\slf4j-api-1.7.28.jar;C:\Users\Juan Pablo Beltran\.m2\repository\org\springframework\spring-jdbc\5.1.9.RELEASE\spring-jdbc-5.1.9.RELEASE.jar;C:\Users\Juan Pablo Beltran\.m2\repository\org\springframework\spring-beans\5.1.9.RELEASE\spring-beans-5.1.9.RELEASE.ja
Launcher Type: SUN_STANDARD

[Global flags]
     intx CICompilerCount                          = 4                                         {product} {ergonomic}
     uint ConcGCThreads                            = 2                                         {product} {ergonomic}
     uint G1ConcRefinementThreads                  = 8                                         {product} {ergonomic}
   size_t G1HeapRegionSize                         = 1048576                                   {product} {ergonomic}
    uintx GCDrainStackTargetSize                   = 64                                        {product} {ergonomic}
   size_t InitialHeapSize                          = 132120576                                 {product} {ergonomic}
   size_t MarkStackSize                            = 4194304                                   {product} {ergonomic}
   size_t MaxHeapSize                              = 2099249152                                {product} {ergonomic}
   size_t MaxNewSize                               = 1259339776                                {product} {ergonomic}
   size_t MinHeapDeltaBytes                        = 1048576                                   {product} {ergonomic}
   size_t MinHeapSize                              = 8388608                                   {product} {ergonomic}
    uintx NonNMethodCodeHeapSize                   = 5839372                                {pd product} {ergonomic}
    uintx NonProfiledCodeHeapSize                  = 122909434                              {pd product} {ergonomic}
    uintx ProfiledCodeHeapSize                     = 122909434                              {pd product} {ergonomic}
    uintx ReservedCodeCacheSize                    = 251658240                              {pd product} {ergonomic}
     bool SegmentedCodeCache                       = true                                      {product} {ergonomic}
     bool ShowCodeDetailsInExceptionMessages       = true                                   {manageable} {command line}
   size_t SoftMaxHeapSize                          = 2099249152                             {manageable} {ergonomic}
     bool UseCompressedClassPointers               = true                                 {lp64_product} {ergonomic}
     bool UseCompressedOops                        = true                                 {lp64_product} {ergonomic}
     bool UseG1GC                                  = true                                      {product} {ergonomic}
     bool UseLargePagesIndividualAllocation        = false                                  {pd product} {ergonomic}

Logging:
Log output configuration:
 #0: stdout all=warning uptime,level,tags
 #1: stderr all=off uptime,level,tags

Environment Variables:
JAVA_HOME=C:\Program Files (x86)\Java\jdk1.7.0_80
PATH=C:/Users/Juan Pablo Beltran/Downloads/sts-4.10.0.RELEASE//plugins/org.eclipse.justj.openjdk.hotspot.jre.full.win32.x86_64_15.0.2.v20210201-0955/jre/bin/server;C:/Users/Juan Pablo Beltran/Downloads/sts-4.10.0.RELEASE//plugins/org.eclipse.justj.openjdk.hotspot.jre.full.win32.x86_64_15.0.2.v20210201-0955/jre/bin;C:\Program Files (x86)\Common Files\Oracle\Java\javapath;C:\WINDOWS\system32\WBEM;C:\Windows\system32\WBEM;C:\Windows\system32;C:\Windows;C:\Windows\System32\Wbem;C:\Windows\System32\WindowsPowerShell\v1.0\;C:\Windows\System32\OpenSSH\;C:\Program Files (x86)\NVIDIA Corporation\PhysX\Common;C:\Program Files\NVIDIA Corporation\NVIDIA NvDLISR;C:\Users\Juan Pablo Beltran\AppData\Local\Microsoft\WindowsApps;C:\Program Files (x86)\Java\jdk1.7.0_80\bin;;C:\WINDOWS\system32;C:\WINDOWS;C:\WINDOWS\System32\Wbem;C:\WINDOWS\System32\WindowsPowerShell\v1.0\;C:\WINDOWS\System32\OpenSSH\;C:\Program Files\nodejs\;C:\Users\Juan Pablo Beltran\AppData\Local\Microsoft\WindowsApps;C:\AppServ\Apache24\bin;C:\AppServ\php7;C:\AppServ\MySQL\bin;C:\Users\Juan Pablo Beltran\AppData\Roaming\npm;C:\Users\Juan Pablo Beltran\Downloads\sts-4.10.0.RELEASE;
USERNAME=Juan Pablo Beltran
OS=Windows_NT
PROCESSOR_IDENTIFIER=Intel64 Family 6 Model 158 Stepping 10, GenuineIntel



---------------  S Y S T E M  ---------------

OS:
 Windows 10 , 64 bit Build 19041 (10.0.19041.928)
OS uptime: 0 days 1:06 hours

CPU: total 8 (initial active 8) (4 cores per cpu, 2 threads per core) family 6 model 158 stepping 10 microcode 0xca, cmov, cx8, fxsr, mmx, sse, sse2, sse3, ssse3, sse4.1, sse4.2, popcnt, vzeroupper, avx, avx2, aes, clmul, erms, 3dnowpref, lzcnt, ht, tsc, tscinvbit, bmi1, bmi2, adx, fma, clflush, clflushopt

Memory: 4k page, system-wide physical 8000M (1946M free)
TotalPageFile size 8000M (AvailPageFile size 5M)
current process WorkingSet (physical memory assigned to process): 72M, peak: 72M
current process commit charge ("private bytes"): 223M, peak: 224M

vm_info: OpenJDK 64-Bit Server VM (15.0.2+7-27) for windows-amd64 JRE (15.0.2+7-27), built on Dec  7 2020 20:02:38 by "mach5one" with unknown MS VC++:1925

END.
